2: (B{0,46})
2: ({0,46})
1: (B{0,0}(R{5,46}))
1: ({5,46})
0: ((B{0,0})B{5,5}(B{13,46}(R{51,51})))
0: ({13,46})
2: (B{0,42})
2: ({0,42})
1: ((R{0,0})B{5,42}(R{47,54}))
1: ({5,42}{47,54})
0: ((B{0,0})B{5,5}(B{12,42}(R{47,54})))
0: ({12,42}{47,54})
2: (B{0,42})
2: ({0,42})
1: (B{0,0}(R{5,42}))
1: ({5,42})
0: ((B{0,0})B{5,5}((R{9,42})B{47,47}(R{51,54})))
0: ({9,42}{51,54})
2: (B{0,42})
2: ({0,42})
1: ((R{0,0})B{9,42}(R{51,56}))
1: ({9,42}{51,56})
0: ((B{0,0})B{9,9}((R{15,42})B{51,56}))
0: ({15,42}{51,56})
2: (B{0,43})
2: ({0,43})
1: ((R{0,0})B{4,43}(R{47,52}))
1: ({4,43}{47,52})
0: ((B{0,0})B{4,4}(B{12,43}(R{47,52})))
0: ({12,43}{47,52})
2: (B{0,48})
2: ({0,48})
1: (B{0,0}(R{6,48}))
1: ({6,48})
0: ((R{0,0})B{6,6}(R{14,48}))
0: ({14,48})
2: (B{0,51})
2: ({0,51})
1: (B{0,0}(R{8,51}))
1: ({8,51})
0: ((R{0,0})B{8,8}(R{12,51}))
0: ({12,51})
2: (B{0,41})
2: ({0,41})
1: ((R{0,0})B{5,41}(R{46,48}))
1: ({5,41}{46,48})
0: ((B{0,0})B{5,5}(B{12,41}(R{46,48})))
0: ({12,41}{46,48})
2: (B{0,40})
2: ({0,40})
1: (B{0,0}(R{7,40}))
1: ({7,40})
0: ((R{0,0})B{7,7}(R{15,40}))
0: ({15,40})
2: (B{0,41})
2: ({0,41})
1: (B{0,0}(R{7,41}))
1: ({7,41})
0: ((B{0,0})B{7,7}(B{13,41}(R{48,48})))
0: ({13,41})
2: (B{0,40})
2: ({0,40})
1: (B{0,0}(R{8,40}))
1: ({8,40})
0: ((B{0,0})B{8,8}((R{12,40})B{48,48}(R{52,58})))
0: ({12,40}{52,58})
2: (B{0,43})
2: ({0,43})
1: (B{0,0}(R{7,43}))
1: ({7,43})
0: ((B{0,0})B{7,7}(B{15,43}(R{50,50})))
0: ({15,43})
2: (B{0,50})
2: ({0,50})
1: (B{0,0}(R{6,50}))
1: ({6,50})
0: ((R{0,0})B{6,6}(R{10,50}))
0: ({10,50})
2: (B{0,45})
2: ({0,45})
1: (B{0,0}(R{7,45}))
1: ({7,45})
0: ((B{0,0})B{7,7}(B{14,45}(R{52,52})))
0: ({14,45})
2: (B{0,44})
2: ({0,44})
1: (B{0,0}(R{9,44}))
1: ({9,44})
0: ((B{0,0})B{9,9}((R{13,44})B{53,53}(R{57,59})))
0: ({13,44}{57,59})
2: (B{0,48})
2: ({0,48})
1: ((R{0,0})B{8,48}(R{56,57}))
1: ({8,48}{56,57})
0: ((B{0,0})B{8,8}(B{17,48}(R{56,57})))
0: ({17,48}{56,57})
2: (B{0,42})
2: ({0,42})
1: (B{0,0}(R{6,42}))
1: ({6,42})
0: ((B{0,0})B{6,6}(B{14,42}(R{48,48})))
0: ({14,42})
2: (B{0,49})
2: ({0,49})
1: (B{0,0}(R{7,49}))
1: ({7,49})
0: ((R{0,0})B{7,7}(R{13,49}))
0: ({13,49})
2: (B{0,49})
2: ({0,49})
1: (B{0,0}(R{7,49}))
1: ({7,49})
0: ((B{0,0})B{7,7}(B{15,49}(R{56,56})))
0: ({15,49})
2: (B{0,43})
2: ({0,43})
1: (B{0,0}(R{7,43}))
1: ({7,43})
0: ((B{0,0})B{7,7}(B{13,43}(R{50,50})))
0: ({13,43})
2: (B{0,42})
2: ({0,42})
1: (B{0,0}(R{8,42}))
1: ({8,42})
0: ((R{0,0})B{8,8}(R{16,42}))
0: ({16,42})
2: (B{0,47})
2: ({0,47})
1: (B{0,0}(R{7,47}))
1: ({7,47})
0: ((R{0,0})B{7,7}(R{13,47}))
0: ({13,47})
2: (B{0,44})
2: ({0,44})
1: (B{0,0}(R{8,44}))
1: ({8,44})
0: ((B{0,0})B{8,8}(B{17,44}(R{52,52})))
0: ({17,44})
2: (B{0,46})
2: ({0,46})
1: (B{0,0}(R{8,46}))
1: ({8,46})
0: ((B{0,0})B{8,8}(B{13,46}(R{54,54})))
0: ({13,46})
2: (B{0,51})
2: ({0,51})
1: (B{0,0}(R{8,51}))
1: ({8,51})
0: ((R{0,0})B{8,8}(R{14,51}))
0: ({14,51})
2: (B{0,46})
2: ({0,46})
1: (B{0,0}(R{6,46}))
1: ({6,46})
0: ((B{0,0})B{6,6}(B{12,46}(R{52,52})))
0: ({12,46})
2: (B{0,43})
2: ({0,43})
1: (B{0,0}(R{8,43}))
1: ({8,43})
0: ((R{0,0})B{8,8}(R{14,43}))
0: ({14,43})
2: (B{0,40})
2: ({0,40})
1: (B{0,0}(R{7,40}))
1: ({7,40})
0: ((B{0,0})B{7,7}(B{14,40}(R{47,47})))
0: ({14,40})
2: (B{0,41})
2: ({0,41})
1: ((R{0,0})B{9,41}(R{50,54}))
1: ({9,41}{50,54})
0: ((B{0,0})B{9,9}(B{15,41}(R{50,54})))
0: ({15,41}{50,54})
2: (B{0,51})
2: ({0,51})
1: (B{0,0}(R{6,51}))
1: ({6,51})
0: ((B{0,0})B{6,6}(B{10,51}(R{57,57})))
0: ({10,51})
2: (B{0,47})
2: ({0,47})
1: (B{0,0}(R{8,47}))
1: ({8,47})
0: ((R{0,0})B{8,8}(R{15,47}))
0: ({15,47})
2: (B{0,42})
2: ({0,42})
1: (B{0,0}(R{6,42}))
1: ({6,42})
0: ((B{0,0})B{6,6}(B{15,42}(R{48,48})))
0: ({15,42})
2: (B{0,43})
2: ({0,43})
1: (B{0,0}(R{6,43}))
1: ({6,43})
0: ((B{0,0})B{6,6}((R{10,43})B{49,49}(R{53,56})))
0: ({10,43}{53,56})
2: (B{0,48})
2: ({0,48})
1: ((R{0,0})B{4,48}(R{52,53}))
1: ({4,48}{52,53})
0: ((B{0,0})B{4,4}((R{13,48})B{52,53}))
0: ({13,48}{52,53})
2: (B{0,41})
2: ({0,41})
1: (B{0,0}(R{6,41}))
1: ({6,41})
0: ((B{0,0})B{6,6}(B{12,41}(R{47,47})))
0: ({12,41})
2: (B{0,41})
2: ({0,41})
1: (B{0,0}(R{8,41}))
1: ({8,41})
0: ((R{0,0})B{8,8}(R{12,41}))
0: ({12,41})
2: (B{0,54})
2: ({0,54})
1: (B{0,0}(R{9,54}))
1: ({9,54})
0: ((R{0,0})B{9,9}(R{16,54}))
0: ({16,54})
2: (B{0,43})
2: ({0,43})
1: (B{0,0}(R{7,43}))
1: ({7,43})
0: ((R{0,0})B{7,7}(R{11,43}))
0: ({11,43})
2: (B{0,46})
2: ({0,46})
1: (B{0,0}(R{6,46}))
1: ({6,46})
0: ((B{0,0})B{6,6}(B{13,46}(R{52,52})))
0: ({13,46})
2: (B{0,45})
2: ({0,45})
1: (B{0,0}(R{7,45}))
1: ({7,45})
0: ((B{0,0})B{7,7}((R{12,45})B{52,52}(R{57,58})))
0: ({12,45}{57,58})
2: (B{0,43})
2: ({0,43})
1: (B{0,0}(R{8,43}))
1: ({8,43})
0: ((R{0,0})B{8,8}(R{13,43}))
0: ({13,43})
2: (B{0,42})
2: ({0,42})
1: (B{0,0}(R{6,42}))
1: ({6,42})
0: ((B{0,0})B{6,6}(B{14,42}(R{48,48})))
0: ({14,42})
2: (B{0,46})
2: ({0,46})
1: (B{0,0}(R{5,46}))
1: ({5,46})
0: ((B{0,0})B{5,5}(B{13,46}(R{51,51})))
0: ({13,46})
2: (B{0,41})
2: ({0,41})
1: ((R{0,0})B{4,41}(R{45,47}))
1: ({4,41}{45,47})
0: ((B{0,0})B{4,4}(B{10,41}(R{45,47})))
0: ({10,41}{45,47})
2: (B{0,42})
2: ({0,42})
1: ((R{0,0})B{8,42}(R{50,51}))
1: ({8,42}{50,51})
0: ((B{0,0})B{8,8}(B{16,42}(R{50,51})))
0: ({16,42}{50,51})
2: (B{0,44})
2: ({0,44})
1: ((R{0,0})B{7,44}(R{51,55}))
1: ({7,44}{51,55})
0: ((B{0,0})B{7,7}(B{14,44}(R{51,55})))
0: ({14,44}{51,55})
2: (B{0,41})
2: ({0,41})
1: (B{0,0}(R{4,41}))
1: ({4,41})
0: ((R{0,0})B{4,4}(R{10,41}))
0: ({10,41})
2: (B{0,44})
2: ({0,44})
1: (B{0,0}(R{7,44}))
1: ({7,44})
0: ((B{0,0})B{7,7}(B{14,44}(R{51,51})))
0: ({14,44})
2: (B{0,42})
2: ({0,42})
1: (B{0,0}(R{4,42}))
1: ({4,42})
0: ((B{0,0})B{4,4}((R{10,42})B{46,46}(R{52,58})))
0: ({10,42}{52,58})
2: (B{0,40})
2: ({0,40})
1: (B{0,0}(R{6,40}))
1: ({6,40})
0: ((B{0,0})B{6,6}((R{12,40})B{46,46}(R{52,58})))
0: ({12,40}{52,58})
2: (B{0,42})
2: ({0,42})
1: (B{0,0}(R{5,42}))
1: ({5,42})
0: ((B{0,0})B{5,5}(B{14,42}(R{47,47})))
0: ({14,42})
2: (B{0,50})
2: ({0,50})
1: (B{0,0}(R{6,50}))
1: ({6,50})
0: ((R{0,0})B{6,6}(R{12,50}))
0: ({12,50})
2: (B{0,41})
2: ({0,41})
1: ((R{0,0})B{5,41}(R{46,57}))
1: ({5,41}{46,57})
0: ((B{0,0})B{5,5}(B{11,41}(R{46,57})))
0: ({11,41}{46,57})
2: (B{0,44})
2: ({0,44})
1: ((R{0,0})B{4,44}(R{48,50}))
1: ({4,44}{48,50})
0: ((B{0,0})B{4,4}(B{12,44}(R{48,50})))
0: ({12,44}{48,50})
2: (B{0,42})
2: ({0,42})
1: ((R{0,0})B{5,42}(R{47,53}))
1: ({5,42}{47,53})
0: ((B{0,0})B{5,5}(B{13,42}(R{47,53})))
0: ({13,42}{47,53})
2: (B{0,41})
2: ({0,41})
1: ((R{0,0})B{8,41}(R{49,53}))
1: ({8,41}{49,53})
0: ((B{0,0})B{8,8}(B{15,41}(R{49,53})))
0: ({15,41}{49,53})
2: (B{0,40})
2: ({0,40})
1: (B{0,0}(R{9,40}))
1: ({9,40})
0: ((R{0,0})B{9,9}(R{13,40}))
0: ({13,40})
2: (B{0,51})
2: ({0,51})
1: (B{0,0}(R{5,51}))
1: ({5,51})
0: ((B{0,0})B{5,5}(B{13,51}(R{56,56})))
0: ({13,51})
2: (B{0,54})
2: ({0,54})
1: (B{0,0}(R{5,54}))
1: ({5,54})
0: ((R{0,0})B{5,5}(R{9,54}))
0: ({9,54})
2: (B{0,43})
2: ({0,43})
1: ((R{0,0})B{6,43}(R{49,52}))
1: ({6,43}{49,52})
0: ((B{0,0})B{6,6}(B{11,43}(R{49,52})))
0: ({11,43}{49,52})
2: (B{0,44})
2: ({0,44})
1: (B{0,0}(R{8,44}))
1: ({8,44})
0: ((R{0,0})B{8,8}(R{16,44}))
0: ({16,44})
2: (B{0,43})
2: ({0,43})
1: (B{0,0}(R{6,43}))
1: ({6,43})
0: ((B{0,0})B{6,6}((R{12,43})B{49,49}(R{55,56})))
0: ({12,43}{55,56})
2: (B{0,42})
2: ({0,42})
1: (B{0,0}(R{7,42}))
1: ({7,42})
0: ((R{0,0})B{7,7}(R{15,42}))
0: ({15,42})
2: (B{0,41})
2: ({0,41})
1: ((R{0,0})B{4,41}(R{45,49}))
1: ({4,41}{45,49})
0: ((B{0,0})B{4,4}(B{12,41}(R{45,49})))
0: ({12,41}{45,49})
2: (B{0,40})
2: ({0,40})
1: (B{0,0}(R{7,40}))
1: ({7,40})
0: ((R{0,0})B{7,7}(R{14,40}))
0: ({14,40})
2: (B{0,42})
2: ({0,42})
1: (B{0,0}(R{8,42}))
1: ({8,42})
0: ((R{0,0})B{8,8}(R{16,42}))
0: ({16,42})
2: (B{0,41})
2: ({0,41})
1: (B{0,0}(R{9,41}))
1: ({9,41})
0: ((B{0,0})B{9,9}(B{13,41}(R{50,50})))
0: ({13,41})
2: (B{0,46})
2: ({0,46})
1: (B{0,0}(R{9,46}))
1: ({9,46})
0: ((B{0,0})B{9,9}(B{13,46}(R{55,55})))
0: ({13,46})
2: (B{0,41})
2: ({0,41})
1: (B{0,0}(R{6,41}))
1: ({6,41})
0: ((B{0,0})B{6,6}((R{11,41})B{47,47}(R{52,59})))
0: ({11,41}{52,59})
2: (B{0,42})
2: ({0,42})
1: ((R{0,0})B{7,42}(R{49,53}))
1: ({7,42}{49,53})
0: ((B{0,0})B{7,7}(B{14,42}(R{49,53})))
0: ({14,42}{49,53})
2: (B{0,40})
2: ({0,40})
1: (B{0,0}(R{8,40}))
1: ({8,40})
0: ((B{0,0})B{8,8}(B{15,40}(R{48,48})))
0: ({15,40})
2: (B{0,44})
2: ({0,44})
1: (B{0,0}(R{6,44}))
1: ({6,44})
0: ((B{0,0})B{6,6}(B{14,44}(R{50,50})))
0: ({14,44})
2: (B{0,49})
2: ({0,49})
1: (B{0,0}(R{9,49}))
1: ({9,49})
0: ((R{0,0})B{9,9}(R{16,49}))
0: ({16,49})
2: (B{0,46})
2: ({0,46})
1: (B{0,0}(R{4,46}))
1: ({4,46})
0: ((B{0,0})B{4,4}((R{8,46})B{50,50}(R{54,56})))
0: ({8,46}{54,56})
2: (B{0,43})
2: ({0,43})
1: (B{0,0}(R{9,43}))
1: ({9,43})
0: ((R{0,0})B{9,9}(R{14,43}))
0: ({14,43})
2: (B{0,52})
2: ({0,52})
1: (B{0,0}(R{9,52}))
1: ({9,52})
0: ((R{0,0})B{9,9}(R{17,52}))
0: ({17,52})
2: (B{0,41})
2: ({0,41})
1: (B{0,0}(R{9,41}))
1: ({9,41})
0: ((B{0,0})B{9,9}(B{15,41}(R{50,50})))
0: ({15,41})
2: (B{0,41})
2: ({0,41})
1: ((R{0,0})B{4,41}(R{45,54}))
1: ({4,41}{45,54})
0: ((B{0,0})B{4,4}((R{12,41})B{45,54}))
0: ({12,41}{45,54})
2: (B{0,45})
2: ({0,45})
1: ((R{0,0})B{5,45}(R{50,58}))
1: ({5,45}{50,58})
0: ((B{0,0})B{5,5}((R{12,45})B{50,58}))
0: ({12,45}{50,58})
2: (B{0,44})
2: ({0,44})
1: ((R{0,0})B{4,44}(R{48,53}))
1: ({4,44}{48,53})
0: ((B{0,0})B{4,4}(B{13,44}(R{48,53})))
0: ({13,44}{48,53})
2: (B{0,41})
2: ({0,41})
1: (B{0,0}(R{8,41}))
1: ({8,41})
0: ((B{0,0})B{8,8}(B{16,41}(R{49,49})))
0: ({16,41})
2: (B{0,47})
2: ({0,47})
1: (B{0,0}(R{5,47}))
1: ({5,47})
0: ((B{0,0})B{5,5}((R{10,47})B{52,52}(R{57,59})))
0: ({10,47}{57,59})
2: (B{0,40})
2: ({0,40})
1: (B{0,0}(R{4,40}))
1: ({4,40})
0: ((B{0,0})B{4,4}(B{12,40}(R{44,44})))
0: ({12,40})
2: (B{0,44})
2: ({0,44})
1: (B{0,0}(R{8,44}))
1: ({8,44})
0: ((B{0,0})B{8,8}(B{17,44}(R{52,52})))
0: ({17,44})
2: (B{0,52})
2: ({0,52})
1: (B{0,0}(R{6,52}))
1: ({6,52})
0: ((R{0,0})B{6,6}(R{15,52}))
0: ({15,52})
2: (B{0,49})
2: ({0,49})
1: (B{0,0}(R{4,49}))
1: ({4,49})
0: ((R{0,0})B{4,4}(R{10,49}))
0: ({10,49})
2: (B{0,44})
2: ({0,44})
1: (B{0,0}(R{9,44}))
1: ({9,44})
0: ((B{0,0})B{9,9}((R{13,44})B{53,53}(R{57,58})))
0: ({13,44}{57,58})
2: (B{0,50})
2: ({0,50})
1: (B{0,0}(R{9,50}))
1: ({9,50})
0: ((R{0,0})B{9,9}(R{13,50}))
0: ({13,50})
2: (B{0,43})
2: ({0,43})
1: (B{0,0}(R{8,43}))
1: ({8,43})
0: ((B{0,0})B{8,8}(B{15,43}(R{51,51})))
0: ({15,43})
2: (B{0,40})
2: ({0,40})
1: (B{0,0}(R{8,40}))
1: ({8,40})
0: ((B{0,0})B{8,8}(B{14,40}(R{48,48})))
0: ({14,40})
2: (B{0,46})
2: ({0,46})
1: ((R{0,0})B{4,46}(R{50,53}))
1: ({4,46}{50,53})
0: ((B{0,0})B{4,4}(B{9,46}(R{50,53})))
0: ({9,46}{50,53})
2: (B{0,55})
2: ({0,55})
1: (B{0,0}(R{8,55}))
1: ({8,55})
0: ((R{0,0})B{8,8}(R{16,55}))
0: ({16,55})
2: (B{0,51})
2: ({0,51})
1: (B{0,0}(R{5,51}))
1: ({5,51})
0: ((R{0,0})B{5,5}(R{11,51}))
0: ({11,51})
2: (B{0,40})
2: ({0,40})
1: (B{0,0}(R{8,40}))
1: ({8,40})
0: ((B{0,0})B{8,8}(B{15,40}(R{48,48})))
0: ({15,40})
2: (B{0,51})
2: ({0,51})
1: (B{0,0}(R{6,51}))
1: ({6,51})
0: ((R{0,0})B{6,6}(R{13,51}))
0: ({13,51})
2: (B{0,42})
2: ({0,42})
1: ((R{0,0})B{9,42}(R{51,52}))
1: ({9,42}{51,52})
0: ((B{0,0})B{9,9}((R{13,42})B{51,52}(R{56,59})))
0: ({13,42}{51,52}{56,59})
2: (B{0,57})
2: ({0,57})
1: (B{0,0}(R{8,57}))
1: ({8,57})
0: ((R{0,0})B{8,8}(R{17,57}))
0: ({17,57})
2: (B{0,41})
2: ({0,41})
1: ((R{0,0})B{9,41}(R{50,53}))
1: ({9,41}{50,53})
0: ((B{0,0})B{9,9}((R{16,41})B{50,53}))
0: ({16,41}{50,53})
2: (B{0,42})
2: ({0,42})
1: (B{0,0}(R{8,42}))
1: ({8,42})
0: ((R{0,0})B{8,8}(R{16,42}))
0: ({16,42})
2: (B{0,43})
2: ({0,43})
1: (B{0,0}(R{7,43}))
1: ({7,43})
0: ((B{0,0})B{7,7}((R{13,43})B{50,50}(R{56,57})))
0: ({13,43}{56,57})
2: (B{0,50})
2: ({0,50})
1: (B{0,0}(R{4,50}))
1: ({4,50})
0: ((B{0,0})B{4,4}(B{11,50}(R{54,54})))
0: ({11,50})
2: (B{0,43})
2: ({0,43})
1: (B{0,0}(R{8,43}))
1: ({8,43})
0: ((B{0,0})B{8,8}(B{17,43}(R{51,51})))
0: ({17,43})
2: (B{0,46})
2: ({0,46})
1: (B{0,0}(R{6,46}))
1: ({6,46})
0: ((B{0,0})B{6,6}(B{15,46}(R{52,52})))
0: ({15,46})
2: (B{0,40})
2: ({0,40})
1: ((R{0,0})B{4,40}(R{44,49}))
1: ({4,40}{44,49})
0: ((B{0,0})B{4,4}(B{12,40}(R{44,49})))
0: ({12,40}{44,49})
2: (B{0,46})
2: ({0,46})
1: (B{0,0}(R{8,46}))
1: ({8,46})
0: ((B{0,0})B{8,8}(B{13,46}(R{54,54})))
0: ({13,46})
2: (B{0,49})
2: ({0,49})
1: (B{0,0}(R{7,49}))
1: ({7,49})
0: ((R{0,0})B{7,7}(R{12,49}))
0: ({12,49})
2: (B{0,48})
2: ({0,48})
1: ((R{0,0})B{5,48}(R{53,57}))
1: ({5,48}{53,57})
0: ((B{0,0})B{5,5}(B{9,48}(R{53,57})))
0: ({9,48}{53,57})
2: (B{0,43})
2: ({0,43})
1: (B{0,0}(R{4,43}))
1: ({4,43})
0: ((B{0,0})B{4,4}((R{11,43})B{47,47}(R{54,57})))
0: ({11,43}{54,57})
2: (B{0,46})
2: ({0,46})
1: ((R{0,0})B{4,46}(R{50,53}))
1: ({4,46}{50,53})
0: ((B{0,0})B{4,4}(B{9,46}(R{50,53})))
0: ({9,46}{50,53})
2: (B{0,40})
2: ({0,40})
1: (B{0,0}(R{6,40}))
1: ({6,40})
0: ((B{0,0})B{6,6}(B{14,40}(R{46,46})))
0: ({14,40})
2: (B{0,43})
2: ({0,43})
1: (B{0,0}(R{8,43}))
1: ({8,43})
0: ((B{0,0})B{8,8}(B{13,43}(R{51,51})))
0: ({13,43})
2: (B{0,47})
2: ({0,47})
1: ((R{0,0})B{5,47}(R{52,59}))
1: ({5,47}{52,59})
0: ((B{0,0})B{5,5}((R{13,47})B{52,59}))
0: ({13,47}{52,59})
2: (B{0,42})
2: ({0,42})
1: ((R{0,0})B{7,42}(R{49,56}))
1: ({7,42}{49,56})
0: ((B{0,0})B{7,7}(B{14,42}(R{49,56})))
0: ({14,42}{49,56})
2: (B{0,41})
2: ({0,41})
1: ((R{0,0})B{4,41}(R{45,54}))
1: ({4,41}{45,54})
0: ((B{0,0})B{4,4}(B{8,41}(R{45,54})))
0: ({8,41}{45,54})
2: (B{0,42})
2: ({0,42})
1: ((R{0,0})B{8,42}(R{50,56}))
1: ({8,42}{50,56})
0: ((B{0,0})B{8,8}((R{16,42})B{50,56}))
0: ({16,42}{50,56})
2: (B{0,51})
2: ({0,51})
1: (B{0,0}(R{9,51}))
1: ({9,51})
0: ((R{0,0})B{9,9}(R{18,51}))
0: ({18,51})
2: (B{0,44})
2: ({0,44})
1: (B{0,0}(R{7,44}))
1: ({7,44})
0: ((B{0,0})B{7,7}(B{16,44}(R{51,51})))
0: ({16,44})
2: (B{0,53})
2: ({0,53})
1: (B{0,0}(R{9,53}))
1: ({9,53})
0: ((R{0,0})B{9,9}(R{15,53}))
0: ({15,53})
2: (B{0,44})
2: ({0,44})
1: (B{0,0}(R{9,44}))
1: ({9,44})
0: ((B{0,0})B{9,9}(B{15,44}(R{53,53})))
0: ({15,44})
2: (B{0,50})
2: ({0,50})
1: (B{0,0}(R{9,50}))
1: ({9,50})
0: ((R{0,0})B{9,9}(R{14,50}))
0: ({14,50})
2: (B{0,42})
2: ({0,42})
1: (B{0,0}(R{9,42}))
1: ({9,42})
0: ((B{0,0})B{9,9}(B{17,42}(R{51,51})))
0: ({17,42})
2: (B{0,56})
2: ({0,56})
1: (B{0,0}(R{9,56}))
1: ({9,56})
0: ((R{0,0})B{9,9}(R{13,56}))
0: ({13,56})
2: (B{0,44})
2: ({0,44})
1: (B{0,0}(R{8,44}))
1: ({8,44})
0: ((B{0,0})B{8,8}(B{12,44}(R{52,52})))
0: ({12,44})
2: (B{0,49})
2: ({0,49})
1: (B{0,0}(R{7,49}))
1: ({7,49})
0: ((R{0,0})B{7,7}(R{16,49}))
0: ({16,49})
2: (B{0,47})
2: ({0,47})
1: (B{0,0}(R{9,47}))
1: ({9,47})
0: ((B{0,0})B{9,9}(B{17,47}(R{56,56})))
0: ({17,47})
2: (B{0,42})
2: ({0,42})
1: (B{0,0}(R{6,42}))
1: ({6,42})
0: ((B{0,0})B{6,6}(B{10,42}(R{48,48})))
0: ({10,42})
2: (B{0,49})
2: ({0,49})
1: (B{0,0}(R{5,49}))
1: ({5,49})
0: ((B{0,0})B{5,5}(B{13,49}(R{54,54})))
0: ({13,49})
2: (B{0,46})
2: ({0,46})
1: ((R{0,0})B{4,46}(R{50,51}))
1: ({4,46}{50,51})
0: ((B{0,0})B{4,4}(B{11,46}(R{50,51})))
0: ({11,46}{50,51})
2: (B{0,44})
2: ({0,44})
1: (B{0,0}(R{8,44}))
1: ({8,44})
0: ((R{0,0})B{8,8}(R{13,44}))
0: ({13,44})
2: (B{0,45})
2: ({0,45})
1: (B{0,0}(R{6,45}))
1: ({6,45})
0: ((B{0,0})B{6,6}(B{15,45}(R{51,51})))
0: ({15,45})
2: (B{0,41})
2: ({0,41})
1: ((R{0,0})B{5,41}(R{46,53}))
1: ({5,41}{46,53})
0: ((B{0,0})B{5,5}(B{13,41}(R{46,53})))
0: ({13,41}{46,53})
2: (B{0,47})
2: ({0,47})
1: (B{0,0}(R{9,47}))
1: ({9,47})
0: ((R{0,0})B{9,9}(R{18,47}))
0: ({18,47})
2: (B{0,50})
2: ({0,50})
1: (B{0,0}(R{4,50}))
1: ({4,50})
0: ((B{0,0})B{4,4}(B{10,50}(R{54,54})))
0: ({10,50})
2: (B{0,51})
2: ({0,51})
1: (B{0,0}(R{8,51}))
1: ({8,51})
0: ((R{0,0})B{8,8}(R{16,51}))
0: ({16,51})
2: (B{0,51})
2: ({0,51})
1: (B{0,0}(R{7,51}))
1: ({7,51})
0: ((B{0,0})B{7,7}(B{14,51}(R{58,58})))
0: ({14,51})
2: (B{0,41})
2: ({0,41})
1: (B{0,0}(R{7,41}))
1: ({7,41})
0: ((B{0,0})B{7,7}(B{14,41}(R{48,48})))
0: ({14,41})
2: (B{0,40})
2: ({0,40})
1: ((R{0,0})B{9,40}(R{49,55}))
1: ({9,40}{49,55})
0: ((B{0,0})B{9,9}(B{15,40}(R{49,55})))
0: ({15,40}{49,55})
2: (B{0,49})
2: ({0,49})
1: (B{0,0}(R{8,49}))
1: ({8,49})
0: ((R{0,0})B{8,8}(R{12,49}))
0: ({12,49})
2: (B{0,47})
2: ({0,47})
1: (B{0,0}(R{6,47}))
1: ({6,47})
0: ((B{0,0})B{6,6}(B{13,47}(R{53,53})))
0: ({13,47})
2: (B{0,41})
2: ({0,41})
1: ((R{0,0})B{7,41}(R{48,49}))
1: ({7,41}{48,49})
0: ((B{0,0})B{7,7}((R{12,41})B{48,49}(R{54,59})))
0: ({12,41}{48,49}{54,59})
2: (B{0,51})
2: ({0,51})
1: (B{0,0}(R{4,51}))
1: ({4,51})
0: ((B{0,0})B{4,4}(B{9,51}(R{55,55})))
0: ({9,51})
2: (B{0,45})
2: ({0,45})
1: (B{0,0}(R{9,45}))
1: ({9,45})
0: ((B{0,0})B{9,9}(B{15,45}(R{54,54})))
0: ({15,45})
2: (B{0,47})
2: ({0,47})
1: (B{0,0}(R{5,47}))
1: ({5,47})
0: ((B{0,0})B{5,5}(B{14,47}(R{52,52})))
0: ({14,47})
2: (B{0,52})
2: ({0,52})
1: (B{0,0}(R{8,52}))
1: ({8,52})
0: ((R{0,0})B{8,8}(R{16,52}))
0: ({16,52})
2: (B{0,40})
2: ({0,40})
1: (B{0,0}(R{4,40}))
1: ({4,40})
0: ((B{0,0})B{4,4}((R{8,40})B{44,44}(R{48,55})))
0: ({8,40}{48,55})
2: (B{0,43})
2: ({0,43})
1: (B{0,0}(R{8,43}))
1: ({8,43})
0: ((B{0,0})B{8,8}(B{17,43}(R{51,51})))
0: ({17,43})
2: (B{0,41})
2: ({0,41})
1: (B{0,0}(R{8,41}))
1: ({8,41})
0: ((B{0,0})B{8,8}(B{12,41}(R{49,49})))
0: ({12,41})
2: (B{0,43})
2: ({0,43})
1: ((R{0,0})B{4,43}(R{47,54}))
1: ({4,43}{47,54})
0: ((B{0,0})B{4,4}(B{10,43}(R{47,54})))
0: ({10,43}{47,54})
2: (B{0,45})
2: ({0,45})
1: (B{0,0}(R{9,45}))
1: ({9,45})
0: ((R{0,0})B{9,9}(R{14,45}))
0: ({14,45})
2: (B{0,46})
2: ({0,46})
1: (B{0,0}(R{8,46}))
1: ({8,46})
0: ((B{0,0})B{8,8}(B{16,46}(R{54,54})))
0: ({16,46})
2: (B{0,43})
2: ({0,43})
1: ((R{0,0})B{6,43}(R{49,50}))
1: ({6,43}{49,50})
0: ((B{0,0})B{6,6}(B{15,43}(R{49,50})))
0: ({15,43}{49,50})
2: (B{0,48})
2: ({0,48})
1: (B{0,0}(R{6,48}))
1: ({6,48})
0: ((R{0,0})B{6,6}(R{13,48}))
0: ({13,48})
2: (B{0,48})
2: ({0,48})
1: (B{0,0}(R{5,48}))
1: ({5,48})
0: ((B{0,0})B{5,5}(B{10,48}(R{53,53})))
0: ({10,48})
2: (B{0,49})
2: ({0,49})
1: (B{0,0}(R{4,49}))
1: ({4,49})
0: ((R{0,0})B{4,4}(R{10,49}))
0: ({10,49})
2: (B{0,50})
2: ({0,50})
1: (B{0,0}(R{5,50}))
1: ({5,50})
0: ((R{0,0})B{5,5}(R{9,50}))
0: ({9,50})
2: (B{0,41})
2: ({0,41})
1: (B{0,0}(R{4,41}))
1: ({4,41})
0: ((R{0,0})B{4,4}(R{8,41}))
0: ({8,41})
2: (B{0,40})
2: ({0,40})
1: (B{0,0}(R{9,40}))
1: ({9,40})
0: ((R{0,0})B{9,9}(R{17,40}))
0: ({17,40})
2: (B{0,43})
2: ({0,43})
1: (B{0,0}(R{6,43}))
1: ({6,43})
0: ((B{0,0})B{6,6}(B{15,43}(R{49,49})))
0: ({15,43})
2: (B{0,44})
2: ({0,44})
1: (B{0,0}(R{7,44}))
1: ({7,44})
0: ((B{0,0})B{7,7}(B{16,44}(R{51,51})))
0: ({16,44})
2: (B{0,40})
2: ({0,40})
1: (B{0,0}(R{8,40}))
1: ({8,40})
0: ((B{0,0})B{8,8}(B{17,40}(R{48,48})))
0: ({17,40})
2: (B{0,44})
2: ({0,44})
1: ((R{0,0})B{4,44}(R{48,56}))
1: ({4,44}{48,56})
0: ((B{0,0})B{4,4}((R{12,44})B{48,56}))
0: ({12,44}{48,56})
2: (B{0,44})
2: ({0,44})
1: (B{0,0}(R{8,44}))
1: ({8,44})
0: ((R{0,0})B{8,8}(R{12,44}))
0: ({12,44})
2: (B{0,44})
2: ({0,44})
1: (B{0,0}(R{9,44}))
1: ({9,44})
0: ((R{0,0})B{9,9}(R{18,44}))
0: ({18,44})
2: (B{0,50})
2: ({0,50})
1: (B{0,0}(R{9,50}))
1: ({9,50})
0: ((R{0,0})B{9,9}(R{14,50}))
0: ({14,50})
2: (B{0,43})
2: ({0,43})
1: (B{0,0}(R{7,43}))
1: ({7,43})
0: ((B{0,0})B{7,7}(B{13,43}(R{50,50})))
0: ({13,43})
2: (B{0,40})
2: ({0,40})
1: (B{0,0}(R{6,40}))
1: ({6,40})
0: ((R{0,0})B{6,6}(R{15,40}))
0: ({15,40})
2: (B{0,41})
2: ({0,41})
1: ((R{0,0})B{7,41}(R{48,49}))
1: ({7,41}{48,49})
0: ((B{0,0})B{7,7}(B{12,41}(R{48,49})))
0: ({12,41}{48,49})
2: (B{0,40})
2: ({0,40})
1: ((R{0,0})B{8,40}(R{48,52}))
1: ({8,40}{48,52})
0: ((B{0,0})B{8,8}(B{15,40}(R{48,52})))
0: ({15,40}{48,52})
2: (B{0,54})
2: ({0,54})
1: (B{0,0}(R{4,54}))
1: ({4,54})
0: ((R{0,0})B{4,4}(R{10,54}))
0: ({10,54})
2: (B{0,45})
2: ({0,45})
1: (B{0,0}(R{8,45}))
1: ({8,45})
0: ((B{0,0})B{8,8}(B{13,45}(R{53,53})))
0: ({13,45})
2: (B{0,43})
2: ({0,43})
1: ((R{0,0})B{7,43}(R{50,53}))
1: ({7,43}{50,53})
0: ((B{0,0})B{7,7}(B{16,43}(R{50,53})))
0: ({16,43}{50,53})
2: (B{0,40})
2: ({0,40})
1: (B{0,0}(R{8,40}))
1: ({8,40})
0: ((B{0,0})B{8,8}((R{13,40})B{48,48}(R{53,56})))
0: ({13,40}{53,56})
2: (B{0,40})
2: ({0,40})
1: ((R{0,0})B{5,40}(R{45,51}))
1: ({5,40}{45,51})
0: ((B{0,0})B{5,5}((R{9,40})B{45,51}(R{55,59})))
0: ({9,40}{45,51}{55,59})
2: (B{0,47})
2: ({0,47})
1: (B{0,0}(R{7,47}))
1: ({7,47})
0: ((B{0,0})B{7,7}(B{14,47}(R{54,54})))
0: ({14,47})
2: (B{0,45})
2: ({0,45})
1: (B{0,0}(R{6,45}))
1: ({6,45})
0: ((B{0,0})B{6,6}((R{13,45})B{51,51}(R{58,59})))
0: ({13,45}{58,59})
2: (B{0,44})
2: ({0,44})
1: (B{0,0}(R{5,44}))
1: ({5,44})
0: ((R{0,0})B{5,5}(R{12,44}))
0: ({12,44})
2: (B{0,46})
2: ({0,46})
1: (B{0,0}(R{9,46}))
1: ({9,46})
0: ((B{0,0})B{9,9}(B{14,46}(R{55,55})))
0: ({14,46})
2: (B{0,45})
2: ({0,45})
1: (B{0,0}(R{6,45}))
1: ({6,45})
0: ((B{0,0})B{6,6}((R{10,45})B{51,51}(R{55,57})))
0: ({10,45}{55,57})
2: (B{0,51})
2: ({0,51})
1: (B{0,0}(R{6,51}))
1: ({6,51})
0: ((B{0,0})B{6,6}(B{10,51}(R{57,57})))
0: ({10,51})
2: (B{0,43})
2: ({0,43})
1: (B{0,0}(R{8,43}))
1: ({8,43})
0: ((B{0,0})B{8,8}((R{12,43})B{51,51}(R{55,57})))
0: ({12,43}{55,57})
2: (B{0,41})
2: ({0,41})
1: (B{0,0}(R{5,41}))
1: ({5,41})
0: ((B{0,0})B{5,5}((R{12,41})B{46,46}(R{53,56})))
0: ({12,41}{53,56})
2: (B{0,46})
2: ({0,46})
1: ((R{0,0})B{8,46}(R{54,57}))
1: ({8,46}{54,57})
0: ((B{0,0})B{8,8}((R{17,46})B{54,57}))
0: ({17,46}{54,57})
2: (B{0,49})
2: ({0,49})
1: (B{0,0}(R{8,49}))
1: ({8,49})
0: ((R{0,0})B{8,8}(R{13,49}))
0: ({13,49})
2: (B{0,42})
2: ({0,42})
1: (B{0,0}(R{5,42}))
1: ({5,42})
0: ((B{0,0})B{5,5}((R{11,42})B{47,47}(R{53,57})))
0: ({11,42}{53,57})
2: (B{0,46})
2: ({0,46})
1: (B{0,0}(R{5,46}))
1: ({5,46})
0: ((R{0,0})B{5,5}(R{10,46}))
0: ({10,46})
2: (B{0,41})
2: ({0,41})
1: (B{0,0}(R{8,41}))
1: ({8,41})
0: ((R{0,0})B{8,8}(R{15,41}))
0: ({15,41})
2: (B{0,45})
2: ({0,45})
1: (B{0,0}(R{6,45}))
1: ({6,45})
0: ((B{0,0})B{6,6}(B{11,45}(R{51,51})))
0: ({11,45})
2: (B{0,43})
2: ({0,43})
1: ((R{0,0})B{6,43}(R{49,54}))
1: ({6,43}{49,54})
0: ((B{0,0})B{6,6}(B{11,43}(R{49,54})))
0: ({11,43}{49,54})
2: (B{0,43})
2: ({0,43})
1: (B{0,0}(R{4,43}))
1: ({4,43})
0: ((B{0,0})B{4,4}((R{9,43})B{47,47}(R{52,58})))
0: ({9,43}{52,58})
2: (B{0,40})
2: ({0,40})
1: ((R{0,0})B{4,40}(R{44,53}))
1: ({4,40}{44,53})
0: ((B{0,0})B{4,4}((R{8,40})B{44,53}(R{57,58})))
0: ({8,40}{44,53}{57,58})
2: (B{0,46})
2: ({0,46})
1: ((R{0,0})B{5,46}(R{51,53}))
1: ({5,46}{51,53})
0: ((B{0,0})B{5,5}((R{13,46})B{51,53}))
0: ({13,46}{51,53})
2: (B{0,41})
2: ({0,41})
1: (B{0,0}(R{5,41}))
1: ({5,41})
0: ((R{0,0})B{5,5}(R{10,41}))
0: ({10,41})
2: (B{0,40})
2: ({0,40})
1: (B{0,0}(R{7,40}))
1: ({7,40})
0: ((B{0,0})B{7,7}((R{12,40})B{47,47}(R{52,54})))
0: ({12,40}{52,54})
2: (B{0,40})
2: ({0,40})
1: ((R{0,0})B{6,40}(R{46,55}))
1: ({6,40}{46,55})
0: ((B{0,0})B{6,6}(B{13,40}(R{46,55})))
0: ({13,40}{46,55})
2: (B{0,50})
2: ({0,50})
1: (B{0,0}(R{6,50}))
1: ({6,50})
0: ((R{0,0})B{6,6}(R{12,50}))
0: ({12,50})
2: (B{0,40})
2: ({0,40})
1: ((R{0,0})B{6,40}(R{46,57}))
1: ({6,40}{46,57})
0: ((B{0,0})B{6,6}(B{11,40}(R{46,57})))
0: ({11,40}{46,57})
2: (B{0,48})
2: ({0,48})
1: (B{0,0}(R{9,48}))
1: ({9,48})
0: ((R{0,0})B{9,9}(R{13,48}))
0: ({13,48})
2: (B{0,41})
2: ({0,41})
1: (B{0,0}(R{7,41}))
1: ({7,41})
0: ((B{0,0})B{7,7}((R{11,41})B{48,48}(R{52,59})))
0: ({11,41}{52,59})
2: (B{0,51})
2: ({0,51})
1: (B{0,0}(R{7,51}))
1: ({7,51})
0: ((R{0,0})B{7,7}(R{13,51}))
0: ({13,51})
2: (B{0,45})
2: ({0,45})
1: (B{0,0}(R{9,45}))
1: ({9,45})
0: ((B{0,0})B{9,9}(B{14,45}(R{54,54})))
0: ({14,45})
2: (B{0,45})
2: ({0,45})
1: (B{0,0}(R{8,45}))
1: ({8,45})
0: ((B{0,0})B{8,8}(B{16,45}(R{53,53})))
0: ({16,45})
2: (B{0,50})
2: ({0,50})
1: (B{0,0}(R{8,50}))
1: ({8,50})
0: ((R{0,0})B{8,8}(R{16,50}))
0: ({16,50})
2: (B{0,43})
2: ({0,43})
1: ((R{0,0})B{7,43}(R{50,54}))
1: ({7,43}{50,54})
0: ((B{0,0})B{7,7}(B{14,43}(R{50,54})))
0: ({14,43}{50,54})
2: (B{0,45})
2: ({0,45})
1: (B{0,0}(R{9,45}))
1: ({9,45})
0: ((R{0,0})B{9,9}(R{18,45}))
0: ({18,45})
2: (B{0,42})
2: ({0,42})
1: (B{0,0}(R{9,42}))
1: ({9,42})
0: ((R{0,0})B{9,9}(R{16,42}))
0: ({16,42})
2: (B{0,40})
2: ({0,40})
1: ((R{0,0})B{4,40}(R{44,50}))
1: ({4,40}{44,50})
0: ((B{0,0})B{4,4}(B{12,40}(R{44,50})))
0: ({12,40}{44,50})
2: (B{0,45})
2: ({0,45})
1: ((R{0,0})B{7,45}(R{52,55}))
1: ({7,45}{52,55})
0: ((B{0,0})B{7,7}(B{15,45}(R{52,55})))
0: ({15,45}{52,55})
2: (B{0,51})
2: ({0,51})
1: (B{0,0}(R{9,51}))
1: ({9,51})
0: ((R{0,0})B{9,9}(R{16,51}))
0: ({16,51})
2: (B{0,43})
2: ({0,43})
1: ((R{0,0})B{7,43}(R{50,51}))
1: ({7,43}{50,51})
0: ((B{0,0})B{7,7}(B{13,43}(R{50,51})))
0: ({13,43}{50,51})
2: (B{0,45})
2: ({0,45})
1: (B{0,0}(R{5,45}))
1: ({5,45})
0: ((R{0,0})B{5,5}(R{10,45}))
0: ({10,45})
2: (B{0,42})
2: ({0,42})
1: ((R{0,0})B{6,42}(R{48,52}))
1: ({6,42}{48,52})
0: ((B{0,0})B{6,6}(B{15,42}(R{48,52})))
0: ({15,42}{48,52})
2: (B{0,41})
2: ({0,41})
1: ((R{0,0})B{4,41}(R{45,55}))
1: ({4,41}{45,55})
0: ((B{0,0})B{4,4}(B{11,41}(R{45,55})))
0: ({11,41}{45,55})
2: (B{0,44})
2: ({0,44})
1: ((R{0,0})B{6,44}(R{50,54}))
1: ({6,44}{50,54})
0: ((B{0,0})B{6,6}(B{13,44}(R{50,54})))
0: ({13,44}{50,54})
2: (B{0,53})
2: ({0,53})
1: (B{0,0}(R{6,53}))
1: ({6,53})
0: ((R{0,0})B{6,6}(R{14,53}))
0: ({14,53})
2: (B{0,48})
2: ({0,48})
1: (B{0,0}(R{7,48}))
1: ({7,48})
0: ((B{0,0})B{7,7}(B{15,48}(R{55,55})))
0: ({15,48})
2: (B{0,43})
2: ({0,43})
1: ((R{0,0})B{5,43}(R{48,55}))
1: ({5,43}{48,55})
0: ((B{0,0})B{5,5}(B{14,43}(R{48,55})))
0: ({14,43}{48,55})
2: (B{0,52})
2: ({0,52})
1: (B{0,0}(R{7,52}))
1: ({7,52})
0: ((R{0,0})B{7,7}(R{15,52}))
0: ({15,52})
2: (B{0,42})
2: ({0,42})
1: (B{0,0}(R{9,42}))
1: ({9,42})
0: ((R{0,0})B{9,9}(R{18,42}))
0: ({18,42})
2: (B{0,43})
2: ({0,43})
1: (B{0,0}(R{7,43}))
1: ({7,43})
0: ((B{0,0})B{7,7}((R{11,43})B{50,50}(R{54,59})))
0: ({11,43}{54,59})
2: (B{0,49})
2: ({0,49})
1: ((R{0,0})B{4,49}(R{53,54}))
1: ({4,49}{53,54})
0: ((B{0,0})B{4,4}(B{10,49}(R{53,54})))
0: ({10,49}{53,54})
2: (B{0,44})
2: ({0,44})
1: ((R{0,0})B{5,44}(R{49,50}))
1: ({5,44}{49,50})
0: ((B{0,0})B{5,5}((R{13,44})B{49,50}(R{58,59})))
0: ({13,44}{49,50}{58,59})
2: (B{0,42})
2: ({0,42})
1: (B{0,0}(R{8,42}))
1: ({8,42})
0: ((B{0,0})B{8,8}(B{15,42}(R{50,50})))
0: ({15,42})
2: (B{0,40})
2: ({0,40})
1: (B{0,0}(R{9,40}))
1: ({9,40})
0: ((B{0,0})B{9,9}(B{13,40}(R{49,49})))
0: ({13,40})
2: (B{0,43})
2: ({0,43})
1: (B{0,0}(R{8,43}))
1: ({8,43})
0: ((R{0,0})B{8,8}(R{16,43}))
0: ({16,43})
2: (B{0,42})
2: ({0,42})
1: (B{0,0}(R{7,42}))
1: ({7,42})
0: ((R{0,0})B{7,7}(R{12,42}))
0: ({12,42})
2: (B{0,43})
2: ({0,43})
1: ((R{0,0})B{5,43}(R{48,53}))
1: ({5,43}{48,53})
0: ((B{0,0})B{5,5}((R{10,43})B{48,53}(R{58,59})))
0: ({10,43}{48,53}{58,59})
2: (B{0,40})
2: ({0,40})
1: ((R{0,0})B{4,40}(R{44,50}))
1: ({4,40}{44,50})
0: ((B{0,0})B{4,4}(B{12,40}(R{44,50})))
0: ({12,40}{44,50})
2: (B{0,40})
2: ({0,40})
1: ((R{0,0})B{5,40}(R{45,54}))
1: ({5,40}{45,54})
0: ((B{0,0})B{5,5}(B{10,40}(R{45,54})))
0: ({10,40}{45,54})
2: (B{0,40})
2: ({0,40})
1: (B{0,0}(R{8,40}))
1: ({8,40})
0: ((R{0,0})B{8,8}(R{12,40}))
0: ({12,40})
2: (B{0,51})
2: ({0,51})
1: (B{0,0}(R{5,51}))
1: ({5,51})
0: ((R{0,0})B{5,5}(R{11,51}))
0: ({11,51})
2: (B{0,53})
2: ({0,53})
1: (B{0,0}(R{9,53}))
1: ({9,53})
0: ((R{0,0})B{9,9}(R{16,53}))
0: ({16,53})
2: (B{0,40})
2: ({0,40})
1: ((R{0,0})B{5,40}(R{45,46}))
1: ({5,40}{45,46})
0: ((B{0,0})B{5,5}(B{14,40}(R{45,46})))
0: ({14,40}{45,46})
2: (B{0,45})
2: ({0,45})
1: (B{0,0}(R{4,45}))
1: ({4,45})
0: ((R{0,0})B{4,4}(R{9,45}))
0: ({9,45})
2: (B{0,46})
2: ({0,46})
1: (B{0,0}(R{5,46}))
1: ({5,46})
0: ((B{0,0})B{5,5}((R{10,46})B{51,51}(R{56,59})))
0: ({10,46}{56,59})
2: (B{0,45})
2: ({0,45})
1: (B{0,0}(R{9,45}))
1: ({9,45})
0: ((R{0,0})B{9,9}(R{15,45}))
0: ({15,45})
2: (B{0,42})
2: ({0,42})
1: (B{0,0}(R{7,42}))
1: ({7,42})
0: ((R{0,0})B{7,7}(R{11,42}))
0: ({11,42})
2: (B{0,53})
2: ({0,53})
1: (B{0,0}(R{5,53}))
1: ({5,53})
0: ((R{0,0})B{5,5}(R{9,53}))
0: ({9,53})
2: (B{0,47})
2: ({0,47})
1: (B{0,0}(R{7,47}))
1: ({7,47})
0: ((B{0,0})B{7,7}(B{15,47}(R{54,54})))
0: ({15,47})
2: (B{0,42})
2: ({0,42})
1: ((R{0,0})B{9,42}(R{51,53}))
1: ({9,42}{51,53})
0: ((B{0,0})B{9,9}(B{18,42}(R{51,53})))
0: ({18,42}{51,53})
2: (B{0,42})
2: ({0,42})
1: ((R{0,0})B{5,42}(R{47,50}))
1: ({5,42}{47,50})
0: ((B{0,0})B{5,5}(B{9,42}(R{47,50})))
0: ({9,42}{47,50})
2: (B{0,41})
2: ({0,41})
1: ((R{0,0})B{5,41}(R{46,49}))
1: ({5,41}{46,49})
0: ((B{0,0})B{5,5}(B{14,41}(R{46,49})))
0: ({14,41}{46,49})
2: (B{0,52})
2: ({0,52})
1: (B{0,0}(R{6,52}))
1: ({6,52})
0: ((R{0,0})B{6,6}(R{11,52}))
0: ({11,52})
2: (B{0,51})
2: ({0,51})
1: (B{0,0}(R{9,51}))
1: ({9,51})
0: ((R{0,0})B{9,9}(R{18,51}))
0: ({18,51})
2: (B{0,43})
2: ({0,43})
1: (B{0,0}(R{8,43}))
1: ({8,43})
0: ((B{0,0})B{8,8}(B{13,43}(R{51,51})))
0: ({13,43})
2: (B{0,43})
2: ({0,43})
1: (B{0,0}(R{9,43}))
1: ({9,43})
0: ((R{0,0})B{9,9}(R{13,43}))
0: ({13,43})
2: (B{0,46})
2: ({0,46})
1: (B{0,0}(R{5,46}))
1: ({5,46})
0: ((B{0,0})B{5,5}(B{13,46}(R{51,51})))
0: ({13,46})
2: (B{0,40})
2: ({0,40})
1: (B{0,0}(R{5,40}))
1: ({5,40})
0: ((B{0,0})B{5,5}(B{12,40}(R{45,45})))
0: ({12,40})
2: (B{0,44})
2: ({0,44})
1: (B{0,0}(R{6,44}))
1: ({6,44})
0: ((B{0,0})B{6,6}(B{15,44}(R{50,50})))
0: ({15,44})
2: (B{0,44})
2: ({0,44})
1: (B{0,0}(R{7,44}))
1: ({7,44})
0: ((B{0,0})B{7,7}((R{12,44})B{51,51}(R{56,59})))
0: ({12,44}{56,59})
2: (B{0,46})
2: ({0,46})
1: ((R{0,0})B{4,46}(R{50,51}))
1: ({4,46}{50,51})
0: ((B{0,0})B{4,4}(B{13,46}(R{50,51})))
0: ({13,46}{50,51})
2: (B{0,40})
2: ({0,40})
1: (B{0,0}(R{7,40}))
1: ({7,40})
0: ((B{0,0})B{7,7}(B{13,40}(R{47,47})))
0: ({13,40})
2: (B{0,44})
2: ({0,44})
1: (B{0,0}(R{7,44}))
1: ({7,44})
0: ((R{0,0})B{7,7}(R{13,44}))
0: ({13,44})
2: (B{0,45})
2: ({0,45})
1: (B{0,0}(R{9,45}))
1: ({9,45})
0: ((B{0,0})B{9,9}(B{17,45}(R{54,54})))
0: ({17,45})
2: (B{0,43})
2: ({0,43})
1: (B{0,0}(R{5,43}))
1: ({5,43})
0: ((B{0,0})B{5,5}((R{14,43})B{48,48}(R{57,59})))
0: ({14,43}{57,59})
2: (B{0,43})
2: ({0,43})
1: (B{0,0}(R{8,43}))
1: ({8,43})
0: ((R{0,0})B{8,8}(R{16,43}))
0: ({16,43})
2: (B{0,42})
2: ({0,42})
1: (B{0,0}(R{8,42}))
1: ({8,42})
0: ((R{0,0})B{8,8}(R{17,42}))
0: ({17,42})
2: (B{0,40})
2: ({0,40})
1: (B{0,0}(R{9,40}))
1: ({9,40})
0: ((R{0,0})B{9,9}(R{13,40}))
0: ({13,40})
2: (B{0,45})
2: ({0,45})
1: (B{0,0}(R{9,45}))
1: ({9,45})
0: ((B{0,0})B{9,9}(B{16,45}(R{54,54})))
0: ({16,45})
2: (B{0,44})
2: ({0,44})
1: (B{0,0}(R{8,44}))
1: ({8,44})
0: ((B{0,0})B{8,8}(B{17,44}(R{52,52})))
0: ({17,44})
2: (B{0,40})
2: ({0,40})
1: (B{0,0}(R{9,40}))
1: ({9,40})
0: ((B{0,0})B{9,9}(B{13,40}(R{49,49})))
0: ({13,40})
2: (B{0,40})
2: ({0,40})
1: (B{0,0}(R{6,40}))
1: ({6,40})
0: ((R{0,0})B{6,6}(R{15,40}))
0: ({15,40})
2: (B{0,45})
2: ({0,45})
1: (B{0,0}(R{5,45}))
1: ({5,45})
0: ((B{0,0})B{5,5}(B{14,45}(R{50,50})))
0: ({14,45})
2: (B{0,40})
2: ({0,40})
1: ((R{0,0})B{8,40}(R{48,51}))
1: ({8,40}{48,51})
0: ((B{0,0})B{8,8}(B{17,40}(R{48,51})))
0: ({17,40}{48,51})
2: (B{0,46})
2: ({0,46})
1: (B{0,0}(R{7,46}))
1: ({7,46})
0: ((B{0,0})B{7,7}((R{11,46})B{53,53}(R{57,59})))
0: ({11,46}{57,59})
2: (B{0,43})
2: ({0,43})
1: (B{0,0}(R{6,43}))
1: ({6,43})
0: ((B{0,0})B{6,6}(B{12,43}(R{49,49})))
0: ({12,43})
2: (B{0,42})
2: ({0,42})
1: (B{0,0}(R{9,42}))
1: ({9,42})
0: ((B{0,0})B{9,9}((R{13,42})B{51,51}(R{55,59})))
0: ({13,42}{55,59})
2: (B{0,51})
2: ({0,51})
1: (B{0,0}(R{4,51}))
1: ({4,51})
0: ((B{0,0})B{4,4}(B{8,51}(R{55,55})))
0: ({8,51})
2: (B{0,47})
2: ({0,47})
1: ((R{0,0})B{4,47}(R{51,53}))
1: ({4,47}{51,53})
0: ((B{0,0})B{4,4}(B{13,47}(R{51,53})))
0: ({13,47}{51,53})
2: (B{0,47})
2: ({0,47})
1: ((R{0,0})B{6,47}(R{53,56}))
1: ({6,47}{53,56})
0: ((B{0,0})B{6,6}(B{14,47}(R{53,56})))
0: ({14,47}{53,56})
2: (B{0,51})
2: ({0,51})
1: (B{0,0}(R{6,51}))
1: ({6,51})
0: ((B{0,0})B{6,6}(B{13,51}(R{57,57})))
0: ({13,51})
2: (B{0,42})
2: ({0,42})
1: ((R{0,0})B{8,42}(R{50,54}))
1: ({8,42}{50,54})
0: ((B{0,0})B{8,8}(B{17,42}(R{50,54})))
0: ({17,42}{50,54})
2: (B{0,49})
2: ({0,49})
1: (B{0,0}(R{7,49}))
1: ({7,49})
0: ((B{0,0})B{7,7}(B{13,49}(R{56,56})))
0: ({13,49})
2: (B{0,43})
2: ({0,43})
1: (B{0,0}(R{8,43}))
1: ({8,43})
0: ((B{0,0})B{8,8}((R{13,43})B{51,51}(R{56,57})))
0: ({13,43}{56,57})
2: (B{0,43})
2: ({0,43})
1: ((R{0,0})B{9,43}(R{52,54}))
1: ({9,43}{52,54})
0: ((B{0,0})B{9,9}(B{13,43}(R{52,54})))
0: ({13,43}{52,54})
2: (B{0,44})
2: ({0,44})
1: (B{0,0}(R{7,44}))
1: ({7,44})
0: ((R{0,0})B{7,7}(R{12,44}))
0: ({12,44})
2: (B{0,48})
2: ({0,48})
1: (B{0,0}(R{8,48}))
1: ({8,48})
0: ((R{0,0})B{8,8}(R{13,48}))
0: ({13,48})
2: (B{0,53})
2: ({0,53})
1: (B{0,0}(R{6,53}))
1: ({6,53})
0: ((R{0,0})B{6,6}(R{14,53}))
0: ({14,53})
2: (B{0,41})
2: ({0,41})
1: (B{0,0}(R{5,41}))
1: ({5,41})
0: ((B{0,0})B{5,5}((R{11,41})B{46,46}(R{52,55})))
0: ({11,41}{52,55})
2: (B{0,45})
2: ({0,45})
1: (B{0,0}(R{6,45}))
1: ({6,45})
0: ((R{0,0})B{6,6}(R{13,45}))
0: ({13,45})
2: (B{0,49})
2: ({0,49})
1: (B{0,0}(R{8,49}))
1: ({8,49})
0: ((R{0,0})B{8,8}(R{17,49}))
0: ({17,49})
2: (B{0,48})
2: ({0,48})
1: ((R{0,0})B{6,48}(R{54,55}))
1: ({6,48}{54,55})
0: ((B{0,0})B{6,6}(B{13,48}(R{54,55})))
0: ({13,48}{54,55})
2: (B{0,49})
2: ({0,49})
1: (B{0,0}(R{4,49}))
1: ({4,49})
0: ((R{0,0})B{4,4}(R{9,49}))
0: ({9,49})
2: (B{0,46})
2: ({0,46})
1: (B{0,0}(R{6,46}))
1: ({6,46})
0: ((B{0,0})B{6,6}(B{10,46}(R{52,52})))
0: ({10,46})
2: (B{0,41})
2: ({0,41})
1: (B{0,0}(R{8,41}))
1: ({8,41})
0: ((B{0,0})B{8,8}((R{13,41})B{49,49}(R{54,58})))
0: ({13,41}{54,58})
2: (B{0,45})
2: ({0,45})
1: ((R{0,0})B{4,45}(R{49,50}))
1: ({4,45}{49,50})
0: ((B{0,0})B{4,4}(B{12,45}(R{49,50})))
0: ({12,45}{49,50})
2: (B{0,57})
2: ({0,57})
1: (B{0,0}(R{9,57}))
1: ({9,57})
0: ((R{0,0})B{9,9}(R{18,57}))
0: ({18,57})
2: (B{0,40})
2: ({0,40})
1: ((R{0,0})B{8,40}(R{48,52}))
1: ({8,40}{48,52})
0: ((B{0,0})B{8,8}((R{17,40})B{48,52}))
0: ({17,40}{48,52})
2: (B{0,48})
2: ({0,48})
1: (B{0,0}(R{9,48}))
1: ({9,48})
0: ((R{0,0})B{9,9}(R{15,48}))
0: ({15,48})
2: (B{0,45})
2: ({0,45})
1: (B{0,0}(R{6,45}))
1: ({6,45})
0: ((B{0,0})B{6,6}(B{11,45}(R{51,51})))
0: ({11,45})
2: (B{0,42})
2: ({0,42})
1: (B{0,0}(R{8,42}))
1: ({8,42})
0: ((B{0,0})B{8,8}(B{15,42}(R{50,50})))
0: ({15,42})
2: (B{0,47})
2: ({0,47})
1: ((R{0,0})B{5,47}(R{52,55}))
1: ({5,47}{52,55})
0: ((B{0,0})B{5,5}(B{12,47}(R{52,55})))
0: ({12,47}{52,55})
2: (B{0,44})
2: ({0,44})
1: ((R{0,0})B{4,44}(R{48,56}))
1: ({4,44}{48,56})
0: ((B{0,0})B{4,4}(B{8,44}(R{48,56})))
0: ({8,44}{48,56})
2: (B{0,48})
2: ({0,48})
1: (B{0,0}(R{9,48}))
1: ({9,48})
0: ((R{0,0})B{9,9}(R{16,48}))
0: ({16,48})
2: (B{0,52})
2: ({0,52})
1: (B{0,0}(R{6,52}))
1: ({6,52})
0: ((R{0,0})B{6,6}(R{13,52}))
0: ({13,52})
2: (B{0,48})
2: ({0,48})
1: (B{0,0}(R{9,48}))
1: ({9,48})
0: ((R{0,0})B{9,9}(R{14,48}))
0: ({14,48})
2: (B{0,42})
2: ({0,42})
1: ((R{0,0})B{8,42}(R{50,51}))
1: ({8,42}{50,51})
0: ((B{0,0})B{8,8}((R{15,42})B{50,51}(R{58,59})))
0: ({15,42}{50,51}{58,59})
2: (B{0,41})
2: ({0,41})
1: (B{0,0}(R{8,41}))
1: ({8,41})
0: ((B{0,0})B{8,8}((R{15,41})B{49,49}(R{56,58})))
0: ({15,41}{56,58})
2: (B{0,47})
2: ({0,47})
1: (B{0,0}(R{7,47}))
1: ({7,47})
0: ((R{0,0})B{7,7}(R{16,47}))
0: ({16,47})
2: (B{0,48})
2: ({0,48})
1: (B{0,0}(R{9,48}))
1: ({9,48})
0: ((R{0,0})B{9,9}(R{15,48}))
0: ({15,48})
2: (B{0,40})
2: ({0,40})
1: (B{0,0}(R{6,40}))
1: ({6,40})
0: ((B{0,0})B{6,6}(B{13,40}(R{46,46})))
0: ({13,40})
2: (B{0,45})
2: ({0,45})
1: (B{0,0}(R{8,45}))
1: ({8,45})
0: ((R{0,0})B{8,8}(R{13,45}))
0: ({13,45})
2: (B{0,56})
2: ({0,56})
1: (B{0,0}(R{6,56}))
1: ({6,56})
0: ((R{0,0})B{6,6}(R{15,56}))
0: ({15,56})
2: (B{0,45})
2: ({0,45})
1: ((R{0,0})B{6,45}(R{51,55}))
1: ({6,45}{51,55})
0: ((B{0,0})B{6,6}(B{10,45}(R{51,55})))
0: ({10,45}{51,55})
2: (B{0,41})
2: ({0,41})
1: ((R{0,0})B{8,41}(R{49,54}))
1: ({8,41}{49,54})
0: ((B{0,0})B{8,8}(B{15,41}(R{49,54})))
0: ({15,41}{49,54})
2: (B{0,44})
2: ({0,44})
1: ((R{0,0})B{7,44}(R{51,57}))
1: ({7,44}{51,57})
0: ((B{0,0})B{7,7}(B{14,44}(R{51,57})))
0: ({14,44}{51,57})
2: (B{0,46})
2: ({0,46})
1: (B{0,0}(R{5,46}))
1: ({5,46})
0: ((R{0,0})B{5,5}(R{14,46}))
0: ({14,46})
2: (B{0,40})
2: ({0,40})
1: (B{0,0}(R{5,40}))
1: ({5,40})
0: ((R{0,0})B{5,5}(R{13,40}))
0: ({13,40})
2: (B{0,43})
2: ({0,43})
1: (B{0,0}(R{9,43}))
1: ({9,43})
0: ((R{0,0})B{9,9}(R{17,43}))
0: ({17,43})
2: (B{0,41})
2: ({0,41})
1: (B{0,0}(R{7,41}))
1: ({7,41})
0: ((B{0,0})B{7,7}(B{11,41}(R{48,48})))
0: ({11,41})
2: (B{0,47})
2: ({0,47})
1: (B{0,0}(R{6,47}))
1: ({6,47})
0: ((R{0,0})B{6,6}(R{13,47}))
0: ({13,47})
2: (B{0,40})
2: ({0,40})
1: (B{0,0}(R{5,40}))
1: ({5,40})
0: ((B{0,0})B{5,5}((R{12,40})B{45,45}(R{52,57})))
0: ({12,40}{52,57})
2: (B{0,41})
2: ({0,41})
1: (B{0,0}(R{8,41}))
1: ({8,41})
0: ((B{0,0})B{8,8}((R{14,41})B{49,49}(R{55,57})))
0: ({14,41}{55,57})
2: (B{0,41})
2: ({0,41})
1: (B{0,0}(R{8,41}))
1: ({8,41})
0: ((R{0,0})B{8,8}(R{15,41}))
0: ({15,41})
2: (B{0,47})
2: ({0,47})
1: (B{0,0}(R{9,47}))
1: ({9,47})
0: ((B{0,0})B{9,9}(B{15,47}(R{56,56})))
0: ({15,47})
2: (B{0,55})
2: ({0,55})
1: (B{0,0}(R{6,55}))
1: ({6,55})
0: ((R{0,0})B{6,6}(R{12,55}))
0: ({12,55})
2: (B{0,41})
2: ({0,41})
1: ((R{0,0})B{4,41}(R{45,47}))
1: ({4,41}{45,47})
0: ((B{0,0})B{4,4}((R{13,41})B{45,47}))
0: ({13,41}{45,47})
2: (B{0,46})
2: ({0,46})
1: ((R{0,0})B{8,46}(R{54,58}))
1: ({8,46}{54,58})
0: ((B{0,0})B{8,8}((R{16,46})B{54,58}))
0: ({16,46}{54,58})
2: (B{0,40})
2: ({0,40})
1: (B{0,0}(R{6,40}))
1: ({6,40})
0: ((B{0,0})B{6,6}((R{11,40})B{46,46}(R{51,53})))
0: ({11,40}{51,53})
2: (B{0,42})
2: ({0,42})
1: (B{0,0}(R{4,42}))
1: ({4,42})
0: ((B{0,0})B{4,4}((R{10,42})B{46,46}(R{52,56})))
0: ({10,42}{52,56})
2: (B{0,48})
2: ({0,48})
1: (B{0,0}(R{9,48}))
1: ({9,48})
0: ((B{0,0})B{9,9}(B{14,48}(R{57,57})))
0: ({14,48})
2: (B{0,43})
2: ({0,43})
1: ((R{0,0})B{6,43}(R{49,55}))
1: ({6,43}{49,55})
0: ((B{0,0})B{6,6}(B{13,43}(R{49,55})))
0: ({13,43}{49,55})
2: (B{0,44})
2: ({0,44})
1: ((R{0,0})B{9,44}(R{53,54}))
1: ({9,44}{53,54})
0: ((B{0,0})B{9,9}((R{13,44})B{53,54}(R{58,59})))
0: ({13,44}{53,54}{58,59})
2: (B{0,43})
2: ({0,43})
1: (B{0,0}(R{8,43}))
1: ({8,43})
0: ((R{0,0})B{8,8}(R{16,43}))
0: ({16,43})
2: (B{0,51})
2: ({0,51})
1: (B{0,0}(R{4,51}))
1: ({4,51})
0: ((R{0,0})B{4,4}(R{9,51}))
0: ({9,51})
2: (B{0,49})
2: ({0,49})
1: (B{0,0}(R{9,49}))
1: ({9,49})
0: ((R{0,0})B{9,9}(R{14,49}))
0: ({14,49})
2: (B{0,53})
2: ({0,53})
1: (B{0,0}(R{6,53}))
1: ({6,53})
0: ((R{0,0})B{6,6}(R{12,53}))
0: ({12,53})
2: (B{0,40})
2: ({0,40})
1: (B{0,0}(R{8,40}))
1: ({8,40})
0: ((B{0,0})B{8,8}(B{16,40}(R{48,48})))
0: ({16,40})
2: (B{0,42})
2: ({0,42})
1: ((R{0,0})B{4,42}(R{46,58}))
1: ({4,42}{46,58})
0: ((B{0,0})B{4,4}((R{9,42})B{46,58}))
0: ({9,42}{46,58})
2: (B{0,40})
2: ({0,40})
1: ((R{0,0})B{4,40}(R{44,58}))
1: ({4,40}{44,58})
0: ((B{0,0})B{4,4}((R{11,40})B{44,58}))
0: ({11,40}{44,58})
2: (B{0,53})
2: ({0,53})
1: (B{0,0}(R{5,53}))
1: ({5,53})
0: ((B{0,0})B{5,5}(B{14,53}(R{58,58})))
0: ({14,53})
2: (B{0,48})
2: ({0,48})
1: (B{0,0}(R{4,48}))
1: ({4,48})
0: ((B{0,0})B{4,4}(B{8,48}(R{52,52})))
0: ({8,48})
2: (B{0,43})
2: ({0,43})
1: (B{0,0}(R{8,43}))
1: ({8,43})
0: ((R{0,0})B{8,8}(R{16,43}))
0: ({16,43})
2: (B{0,40})
2: ({0,40})
1: ((R{0,0})B{4,40}(R{44,48}))
1: ({4,40}{44,48})
0: ((B{0,0})B{4,4}((R{8,40})B{44,48}(R{52,58})))
0: ({8,40}{44,48}{52,58})
2: (B{0,42})
2: ({0,42})
1: (B{0,0}(R{9,42}))
1: ({9,42})
0: ((B{0,0})B{9,9}((R{15,42})B{51,51}(R{57,58})))
0: ({15,42}{57,58})
2: (B{0,40})
2: ({0,40})
1: ((R{0,0})B{6,40}(R{46,53}))
1: ({6,40}{46,53})
0: ((B{0,0})B{6,6}(B{14,40}(R{46,53})))
0: ({14,40}{46,53})
2: (B{0,40})
2: ({0,40})
1: (B{0,0}(R{5,40}))
1: ({5,40})
0: ((R{0,0})B{5,5}(R{10,40}))
0: ({10,40})
2: (B{0,44})
2: ({0,44})
1: ((R{0,0})B{4,44}(R{48,53}))
1: ({4,44}{48,53})
0: ((B{0,0})B{4,4}(B{13,44}(R{48,53})))
0: ({13,44}{48,53})
2: (B{0,40})
2: ({0,40})
1: (B{0,0}(R{4,40}))
1: ({4,40})
0: ((B{0,0})B{4,4}((R{8,40})B{44,44}(R{48,58})))
0: ({8,40}{48,58})
2: (B{0,47})
2: ({0,47})
1: (B{0,0}(R{9,47}))
1: ({9,47})
0: ((R{0,0})B{9,9}(R{15,47}))
0: ({15,47})
2: (B{0,47})
2: ({0,47})
1: (B{0,0}(R{6,47}))
1: ({6,47})
0: ((R{0,0})B{6,6}(R{12,47}))
0: ({12,47})
2: (B{0,40})
2: ({0,40})
1: (B{0,0}(R{5,40}))
1: ({5,40})
0: ((B{0,0})B{5,5}((R{10,40})B{45,45}(R{50,56})))
0: ({10,40}{50,56})
2: (B{0,45})
2: ({0,45})
1: ((R{0,0})B{5,45}(R{50,56}))
1: ({5,45}{50,56})
0: ((B{0,0})B{5,5}(B{10,45}(R{50,56})))
0: ({10,45}{50,56})
2: (B{0,43})
2: ({0,43})
1: (B{0,0}(R{8,43}))
1: ({8,43})
0: ((B{0,0})B{8,8}(B{15,43}(R{51,51})))
0: ({15,43})
2: (B{0,40})
2: ({0,40})
1: ((R{0,0})B{8,40}(R{48,56}))
1: ({8,40}{48,56})
0: ((B{0,0})B{8,8}(B{17,40}(R{48,56})))
0: ({17,40}{48,56})
2: (B{0,41})
2: ({0,41})
1: (B{0,0}(R{8,41}))
1: ({8,41})
0: ((R{0,0})B{8,8}(R{17,41}))
0: ({17,41})
2: (B{0,52})
2: ({0,52})
1: (B{0,0}(R{9,52}))
1: ({9,52})
0: ((R{0,0})B{9,9}(R{13,52}))
0: ({13,52})
2: (B{0,44})
2: ({0,44})
1: (B{0,0}(R{5,44}))
1: ({5,44})
0: ((B{0,0})B{5,5}(B{13,44}(R{49,49})))
0: ({13,44})
2: (B{0,40})
2: ({0,40})
1: ((R{0,0})B{7,40}(R{47,49}))
1: ({7,40}{47,49})
0: ((B{0,0})B{7,7}((R{11,40})B{47,49}(R{53,55})))
0: ({11,40}{47,49}{53,55})
2: (B{0,49})
2: ({0,49})
1: (B{0,0}(R{7,49}))
1: ({7,49})
0: ((B{0,0})B{7,7}(B{16,49}(R{56,56})))
0: ({16,49})
2: (B{0,41})
2: ({0,41})
1: (B{0,0}(R{7,41}))
1: ({7,41})
0: ((B{0,0})B{7,7}((R{14,41})B{48,48}(R{55,57})))
0: ({14,41}{55,57})
2: (B{0,44})
2: ({0,44})
1: (B{0,0}(R{7,44}))
1: ({7,44})
0: ((R{0,0})B{7,7}(R{13,44}))
0: ({13,44})
2: (B{0,47})
2: ({0,47})
1: (B{0,0}(R{5,47}))
1: ({5,47})
0: ((B{0,0})B{5,5}(B{13,47}(R{52,52})))
0: ({13,47})
2: (B{0,49})
2: ({0,49})
1: (B{0,0}(R{8,49}))
1: ({8,49})
0: ((R{0,0})B{8,8}(R{17,49}))
0: ({17,49})
2: (B{0,45})
2: ({0,45})
1: (B{0,0}(R{8,45}))
1: ({8,45})
0: ((B{0,0})B{8,8}(B{13,45}(R{53,53})))
0: ({13,45})
2: (B{0,46})
2: ({0,46})
1: (B{0,0}(R{9,46}))
1: ({9,46})
0: ((R{0,0})B{9,9}(R{15,46}))
0: ({15,46})
2: (B{0,50})
2: ({0,50})
1: (B{0,0}(R{5,50}))
1: ({5,50})
0: ((B{0,0})B{5,5}(B{12,50}(R{55,55})))
0: ({12,50})
2: (B{0,45})
2: ({0,45})
1: (B{0,0}(R{7,45}))
1: ({7,45})
0: ((B{0,0})B{7,7}(B{12,45}(R{52,52})))
0: ({12,45})
2: (B{0,46})
2: ({0,46})
1: (B{0,0}(R{9,46}))
1: ({9,46})
0: ((R{0,0})B{9,9}(R{18,46}))
0: ({18,46})
2: (B{0,47})
2: ({0,47})
1: (B{0,0}(R{5,47}))
1: ({5,47})
0: ((B{0,0})B{5,5}(B{12,47}(R{52,52})))
0: ({12,47})
2: (B{0,44})
2: ({0,44})
1: (B{0,0}(R{9,44}))
1: ({9,44})
0: ((R{0,0})B{9,9}(R{16,44}))
0: ({16,44})
2: (B{0,49})
2: ({0,49})
1: (B{0,0}(R{5,49}))
1: ({5,49})
0: ((R{0,0})B{5,5}(R{13,49}))
0: ({13,49})
2: (B{0,47})
2: ({0,47})
1: (B{0,0}(R{7,47}))
1: ({7,47})
0: ((R{0,0})B{7,7}(R{15,47}))
0: ({15,47})
2: (B{0,40})
2: ({0,40})
1: ((R{0,0})B{5,40}(R{45,49}))
1: ({5,40}{45,49})
0: ((B{0,0})B{5,5}((R{9,40})B{45,49}(R{53,56})))
0: ({9,40}{45,49}{53,56})
2: (B{0,44})
2: ({0,44})
1: (B{0,0}(R{9,44}))
1: ({9,44})
0: ((B{0,0})B{9,9}(B{14,44}(R{53,53})))
0: ({14,44})
2: (B{0,47})
2: ({0,47})
1: ((R{0,0})B{6,47}(R{53,55}))
1: ({6,47}{53,55})
0: ((B{0,0})B{6,6}(B{11,47}(R{53,55})))
0: ({11,47}{53,55})
2: (B{0,43})
2: ({0,43})
1: (B{0,0}(R{5,43}))
1: ({5,43})
0: ((B{0,0})B{5,5}(B{11,43}(R{48,48})))
0: ({11,43})
2: (B{0,41})
2: ({0,41})
1: (B{0,0}(R{7,41}))
1: ({7,41})
0: ((R{0,0})B{7,7}(R{11,41}))
0: ({11,41})
2: (B{0,42})
2: ({0,42})
1: (B{0,0}(R{5,42}))
1: ({5,42})
0: ((B{0,0})B{5,5}((R{11,42})B{47,47}(R{53,54})))
0: ({11,42}{53,54})
2: (B{0,45})
2: ({0,45})
1: ((R{0,0})B{8,45}(R{53,57}))
1: ({8,45}{53,57})
0: ((B{0,0})B{8,8}(B{13,45}(R{53,57})))
0: ({13,45}{53,57})
2: (B{0,45})
2: ({0,45})
1: (B{0,0}(R{7,45}))
1: ({7,45})
0: ((R{0,0})B{7,7}(R{15,45}))
0: ({15,45})
2: (B{0,52})
2: ({0,52})
1: (B{0,0}(R{4,52}))
1: ({4,52})
0: ((R{0,0})B{4,4}(R{8,52}))
0: ({8,52})
2: (B{0,46})
2: ({0,46})
1: (B{0,0}(R{5,46}))
1: ({5,46})
0: ((R{0,0})B{5,5}(R{13,46}))
0: ({13,46})
2: (B{0,46})
2: ({0,46})
1: (B{0,0}(R{5,46}))
1: ({5,46})
0: ((B{0,0})B{5,5}(B{9,46}(R{51,51})))
0: ({9,46})
2: (B{0,41})
2: ({0,41})
1: (B{0,0}(R{6,41}))
1: ({6,41})
0: ((B{0,0})B{6,6}(B{12,41}(R{47,47})))
0: ({12,41})
2: (B{0,40})
2: ({0,40})
1: ((R{0,0})B{6,40}(R{46,50}))
1: ({6,40}{46,50})
0: ((B{0,0})B{6,6}(B{11,40}(R{46,50})))
0: ({11,40}{46,50})
2: (B{0,43})
2: ({0,43})
1: (B{0,0}(R{8,43}))
1: ({8,43})
0: ((R{0,0})B{8,8}(R{17,43}))
0: ({17,43})
2: (B{0,45})
2: ({0,45})
1: (B{0,0}(R{5,45}))
1: ({5,45})
0: ((B{0,0})B{5,5}(B{12,45}(R{50,50})))
0: ({12,45})
2: (B{0,41})
2: ({0,41})
1: (B{0,0}(R{4,41}))
1: ({4,41})
0: ((B{0,0})B{4,4}((R{10,41})B{45,45}(R{51,57})))
0: ({10,41}{51,57})
2: (B{0,44})
2: ({0,44})
1: ((R{0,0})B{8,44}(R{52,57}))
1: ({8,44}{52,57})
0: ((B{0,0})B{8,8}(B{12,44}(R{52,57})))
0: ({12,44}{52,57})
2: (B{0,48})
2: ({0,48})
1: (B{0,0}(R{4,48}))
1: ({4,48})
0: ((B{0,0})B{4,4}(B{11,48}(R{52,52})))
0: ({11,48})
2: (B{0,47})
2: ({0,47})
1: (B{0,0}(R{8,47}))
1: ({8,47})
0: ((B{0,0})B{8,8}(B{16,47}(R{55,55})))
0: ({16,47})
2: (B{0,42})
2: ({0,42})
1: ((R{0,0})B{6,42}(R{48,52}))
1: ({6,42}{48,52})
0: ((B{0,0})B{6,6}(B{12,42}(R{48,52})))
0: ({12,42}{48,52})
2: (B{0,50})
2: ({0,50})
1: (B{0,0}(R{4,50}))
1: ({4,50})
0: ((B{0,0})B{4,4}(B{10,50}(R{54,54})))
0: ({10,50})
2: (B{0,49})
2: ({0,49})
1: (B{0,0}(R{6,49}))
1: ({6,49})
0: ((R{0,0})B{6,6}(R{15,49}))
0: ({15,49})
2: (B{0,47})
2: ({0,47})
1: (B{0,0}(R{6,47}))
1: ({6,47})
0: ((B{0,0})B{6,6}(B{10,47}(R{53,53})))
0: ({10,47})
2: (B{0,48})
2: ({0,48})
1: (B{0,0}(R{9,48}))
1: ({9,48})
0: ((B{0,0})B{9,9}(B{15,48}(R{57,57})))
0: ({15,48})
2: (B{0,44})
2: ({0,44})
1: (B{0,0}(R{6,44}))
1: ({6,44})
0: ((B{0,0})B{6,6}(B{13,44}(R{50,50})))
0: ({13,44})
2: (B{0,40})
2: ({0,40})
1: ((R{0,0})B{4,40}(R{44,46}))
1: ({4,40}{44,46})
0: ((B{0,0})B{4,4}(B{11,40}(R{44,46})))
0: ({11,40}{44,46})
2: (B{0,43})
2: ({0,43})
1: (B{0,0}(R{9,43}))
1: ({9,43})
0: ((B{0,0})B{9,9}(B{15,43}(R{52,52})))
0: ({15,43})
2: (B{0,42})
2: ({0,42})
1: (B{0,0}(R{7,42}))
1: ({7,42})
0: ((R{0,0})B{7,7}(R{12,42}))
0: ({12,42})
2: (B{0,44})
2: ({0,44})
1: ((R{0,0})B{4,44}(R{48,53}))
1: ({4,44}{48,53})
0: ((B{0,0})B{4,4}(B{13,44}(R{48,53})))
0: ({13,44}{48,53})
2: (B{0,42})
2: ({0,42})
1: (B{0,0}(R{8,42}))
1: ({8,42})
0: ((B{0,0})B{8,8}((R{12,42})B{50,50}(R{54,55})))
0: ({12,42}{54,55})
2: (B{0,43})
2: ({0,43})
1: ((R{0,0})B{5,43}(R{48,51}))
1: ({5,43}{48,51})
0: ((B{0,0})B{5,5}(B{11,43}(R{48,51})))
0: ({11,43}{48,51})
2: (B{0,42})
2: ({0,42})
1: (B{0,0}(R{6,42}))
1: ({6,42})
0: ((B{0,0})B{6,6}((R{13,42})B{48,48}(R{55,59})))
0: ({13,42}{55,59})
2: (B{0,42})
2: ({0,42})
1: (B{0,0}(R{7,42}))
1: ({7,42})
0: ((B{0,0})B{7,7}(B{14,42}(R{49,49})))
0: ({14,42})
2: (B{0,44})
2: ({0,44})
1: (B{0,0}(R{8,44}))
1: ({8,44})
0: ((B{0,0})B{8,8}(B{16,44}(R{52,52})))
0: ({16,44})
2: (B{0,46})
2: ({0,46})
1: (B{0,0}(R{9,46}))
1: ({9,46})
0: ((R{0,0})B{9,9}(R{14,46}))
0: ({14,46})
2: (B{0,40})
2: ({0,40})
1: (B{0,0}(R{7,40}))
1: ({7,40})
0: ((R{0,0})B{7,7}(R{11,40}))
0: ({11,40})
2: (B{0,47})
2: ({0,47})
1: (B{0,0}(R{9,47}))
1: ({9,47})
0: ((R{0,0})B{9,9}(R{16,47}))
0: ({16,47})
2: (B{0,41})
2: ({0,41})
1: ((R{0,0})B{8,41}(R{49,51}))
1: ({8,41}{49,51})
0: ((B{0,0})B{8,8}(B{13,41}(R{49,51})))
0: ({13,41}{49,51})
2: (B{0,43})
2: ({0,43})
1: ((R{0,0})B{7,43}(R{50,52}))
1: ({7,43}{50,52})
0: ((B{0,0})B{7,7}(B{15,43}(R{50,52})))
0: ({15,43}{50,52})
2: (B{0,44})
2: ({0,44})
1: (B{0,0}(R{4,44}))
1: ({4,44})
0: ((B{0,0})B{4,4}((R{11,44})B{48,48}(R{55,56})))
0: ({11,44}{55,56})
2: (B{0,40})
2: ({0,40})
1: (B{0,0}(R{4,40}))
1: ({4,40})
0: ((B{0,0})B{4,4}((R{8,40})B{44,44}(R{48,49})))
0: ({8,40}{48,49})
2: (B{0,41})
2: ({0,41})
1: (B{0,0}(R{9,41}))
1: ({9,41})
0: ((B{0,0})B{9,9}(B{16,41}(R{50,50})))
0: ({16,41})
2: (B{0,41})
2: ({0,41})
1: ((R{0,0})B{5,41}(R{46,53}))
1: ({5,41}{46,53})
0: ((B{0,0})B{5,5}((R{14,41})B{46,53}))
0: ({14,41}{46,53})
2: (B{0,48})
2: ({0,48})
1: (B{0,0}(R{5,48}))
1: ({5,48})
0: ((B{0,0})B{5,5}((R{9,48})B{53,53}(R{57,59})))
0: ({9,48}{57,59})
2: (B{0,52})
2: ({0,52})
1: (B{0,0}(R{9,52}))
1: ({9,52})
0: ((R{0,0})B{9,9}(R{13,52}))
0: ({13,52})
2: (B{0,43})
2: ({0,43})
1: (B{0,0}(R{6,43}))
1: ({6,43})
0: ((B{0,0})B{6,6}(B{10,43}(R{49,49})))
0: ({10,43})
2: (B{0,48})
2: ({0,48})
1: ((R{0,0})B{6,48}(R{54,58}))
1: ({6,48}{54,58})
0: ((B{0,0})B{6,6}(B{10,48}(R{54,58})))
0: ({10,48}{54,58})
2: (B{0,47})
2: ({0,47})
1: (B{0,0}(R{6,47}))
1: ({6,47})
0: ((B{0,0})B{6,6}(B{15,47}(R{53,53})))
0: ({15,47})
2: (B{0,45})
2: ({0,45})
1: (B{0,0}(R{6,45}))
1: ({6,45})
0: ((R{0,0})B{6,6}(R{12,45}))
0: ({12,45})
2: (B{0,51})
2: ({0,51})
1: (B{0,0}(R{5,51}))
1: ({5,51})
0: ((R{0,0})B{5,5}(R{12,51}))
0: ({12,51})
2: (B{0,42})
2: ({0,42})
1: (B{0,0}(R{6,42}))
1: ({6,42})
0: ((B{0,0})B{6,6}(B{12,42}(R{48,48})))
0: ({12,42})
2: (B{0,50})
2: ({0,50})
1: (B{0,0}(R{4,50}))
1: ({4,50})
0: ((R{0,0})B{4,4}(R{11,50}))
0: ({11,50})
2: (B{0,48})
2: ({0,48})
1: (B{0,0}(R{5,48}))
1: ({5,48})
0: ((B{0,0})B{5,5}((R{9,48})B{53,53}(R{57,59})))
0: ({9,48}{57,59})
2: (B{0,42})
2: ({0,42})
1: (B{0,0}(R{4,42}))
1: ({4,42})
0: ((B{0,0})B{4,4}(B{12,42}(R{46,46})))
0: ({12,42})
2: (B{0,49})
2: ({0,49})
1: (B{0,0}(R{5,49}))
1: ({5,49})
0: ((B{0,0})B{5,5}(B{12,49}(R{54,54})))
0: ({12,49})
2: (B{0,48})
2: ({0,48})
1: (B{0,0}(R{8,48}))
1: ({8,48})
0: ((B{0,0})B{8,8}(B{13,48}(R{56,56})))
0: ({13,48})
2: (B{0,47})
2: ({0,47})
1: (B{0,0}(R{7,47}))
1: ({7,47})
0: ((R{0,0})B{7,7}(R{15,47}))
0: ({15,47})
2: (B{0,51})
2: ({0,51})
1: (B{0,0}(R{5,51}))
1: ({5,51})
0: ((B{0,0})B{5,5}(B{10,51}(R{56,56})))
0: ({10,51})
2: (B{0,53})
2: ({0,53})
1: (B{0,0}(R{6,53}))
1: ({6,53})
0: ((R{0,0})B{6,6}(R{12,53}))
0: ({12,53})
2: (B{0,41})
2: ({0,41})
1: (B{0,0}(R{6,41}))
1: ({6,41})
0: ((B{0,0})B{6,6}((R{12,41})B{47,47}(R{53,58})))
0: ({12,41}{53,58})
2: (B{0,41})
2: ({0,41})
1: (B{0,0}(R{9,41}))
1: ({9,41})
0: ((R{0,0})B{9,9}(R{18,41}))
0: ({18,41})
2: (B{0,51})
2: ({0,51})
1: (B{0,0}(R{8,51}))
1: ({8,51})
0: ((R{0,0})B{8,8}(R{14,51}))
0: ({14,51})
2: (B{0,43})
2: ({0,43})
1: (B{0,0}(R{7,43}))
1: ({7,43})
0: ((R{0,0})B{7,7}(R{14,43}))
0: ({14,43})
2: (B{0,46})
2: ({0,46})
1: (B{0,0}(R{6,46}))
1: ({6,46})
0: ((R{0,0})B{6,6}(R{10,46}))
0: ({10,46})
2: (B{0,47})
2: ({0,47})
1: (B{0,0}(R{8,47}))
1: ({8,47})
0: ((B{0,0})B{8,8}(B{12,47}(R{55,55})))
0: ({12,47})
2: (B{0,41})
2: ({0,41})
1: (B{0,0}(R{6,41}))
1: ({6,41})
0: ((R{0,0})B{6,6}(R{13,41}))
0: ({13,41})
2: (B{0,50})
2: ({0,50})
1: (B{0,0}(R{6,50}))
1: ({6,50})
0: ((B{0,0})B{6,6}(B{13,50}(R{56,56})))
0: ({13,50})
2: (B{0,46})
2: ({0,46})
1: ((R{0,0})B{4,46}(R{50,54}))
1: ({4,46}{50,54})
0: ((B{0,0})B{4,4}(B{10,46}(R{50,54})))
0: ({10,46}{50,54})
2: (B{0,44})
2: ({0,44})
1: (B{0,0}(R{6,44}))
1: ({6,44})
0: ((B{0,0})B{6,6}(B{12,44}(R{50,50})))
0: ({12,44})
2: (B{0,40})
2: ({0,40})
1: ((R{0,0})B{7,40}(R{47,50}))
1: ({7,40}{47,50})
0: ((B{0,0})B{7,7}(B{16,40}(R{47,50})))
0: ({16,40}{47,50})
2: (B{0,40})
2: ({0,40})
1: (B{0,0}(R{8,40}))
1: ({8,40})
0: ((B{0,0})B{8,8}((R{12,40})B{48,48}(R{52,57})))
0: ({12,40}{52,57})
2: (B{0,51})
2: ({0,51})
1: (B{0,0}(R{9,51}))
1: ({9,51})
0: ((R{0,0})B{9,9}(R{18,51}))
0: ({18,51})
2: (B{0,45})
2: ({0,45})
1: (B{0,0}(R{4,45}))
1: ({4,45})
0: ((B{0,0})B{4,4}((R{11,45})B{49,49}(R{56,57})))
0: ({11,45}{56,57})
2: (B{0,47})
2: ({0,47})
1: ((R{0,0})B{4,47}(R{51,53}))
1: ({4,47}{51,53})
0: ((B{0,0})B{4,4}(B{12,47}(R{51,53})))
0: ({12,47}{51,53})
2: (B{0,41})
2: ({0,41})
1: ((R{0,0})B{5,41}(R{46,53}))
1: ({5,41}{46,53})
0: ((B{0,0})B{5,5}(B{10,41}(R{46,53})))
0: ({10,41}{46,53})
2: (B{0,48})
2: ({0,48})
1: ((R{0,0})B{6,48}(R{54,57}))
1: ({6,48}{54,57})
0: ((B{0,0})B{6,6}((R{11,48})B{54,57}))
0: ({11,48}{54,57})
2: (B{0,43})
2: ({0,43})
1: (B{0,0}(R{6,43}))
1: ({6,43})
0: ((R{0,0})B{6,6}(R{12,43}))
0: ({12,43})
2: (B{0,46})
2: ({0,46})
1: (B{0,0}(R{7,46}))
1: ({7,46})
0: ((R{0,0})B{7,7}(R{12,46}))
0: ({12,46})
2: (B{0,46})
2: ({0,46})
1: (B{0,0}(R{9,46}))
1: ({9,46})
0: ((R{0,0})B{9,9}(R{14,46}))
0: ({14,46})
2: (B{0,49})
2: ({0,49})
1: (B{0,0}(R{9,49}))
1: ({9,49})
0: ((R{0,0})B{9,9}(R{16,49}))
0: ({16,49})
2: (B{0,49})
2: ({0,49})
1: ((R{0,0})B{7,49}(R{56,57}))
1: ({7,49}{56,57})
0: ((B{0,0})B{7,7}(B{13,49}(R{56,57})))
0: ({13,49}{56,57})
2: (B{0,48})
2: ({0,48})
1: (B{0,0}(R{8,48}))
1: ({8,48})
0: ((R{0,0})B{8,8}(R{15,48}))
0: ({15,48})
2: (B{0,43})
2: ({0,43})
1: ((R{0,0})B{6,43}(R{49,50}))
1: ({6,43}{49,50})
0: ((B{0,0})B{6,6}((R{12,43})B{49,50}(R{56,59})))
0: ({12,43}{49,50}{56,59})
2: (B{0,52})
2: ({0,52})
1: (B{0,0}(R{6,52}))
1: ({6,52})
0: ((R{0,0})B{6,6}(R{12,52}))
0: ({12,52})
2: (B{0,50})
2: ({0,50})
1: (B{0,0}(R{7,50}))
1: ({7,50})
0: ((B{0,0})B{7,7}(B{11,50}(R{57,57})))
0: ({11,50})
2: (B{0,46})
2: ({0,46})
1: (B{0,0}(R{4,46}))
1: ({4,46})
0: ((B{0,0})B{4,4}((R{8,46})B{50,50}(R{54,59})))
0: ({8,46}{54,59})
2: (B{0,51})
2: ({0,51})
1: (B{0,0}(R{9,51}))
1: ({9,51})
0: ((R{0,0})B{9,9}(R{15,51}))
0: ({15,51})
2: (B{0,41})
2: ({0,41})
1: (B{0,0}(R{9,41}))
1: ({9,41})
0: ((B{0,0})B{9,9}(B{14,41}(R{50,50})))
0: ({14,41})
2: (B{0,43})
2: ({0,43})
1: ((R{0,0})B{7,43}(R{50,51}))
1: ({7,43}{50,51})
0: ((B{0,0})B{7,7}((R{12,43})B{50,51}(R{56,57})))
0: ({12,43}{50,51}{56,57})
2: (B{0,42})
2: ({0,42})
1: (B{0,0}(R{8,42}))
1: ({8,42})
0: ((B{0,0})B{8,8}((R{16,42})B{50,50}(R{58,59})))
0: ({16,42}{58,59})
2: (B{0,40})
2: ({0,40})
1: (B{0,0}(R{7,40}))
1: ({7,40})
0: ((B{0,0})B{7,7}(B{16,40}(R{47,47})))
0: ({16,40})
2: (B{0,52})
2: ({0,52})
1: (B{0,0}(R{7,52}))
1: ({7,52})
0: ((R{0,0})B{7,7}(R{15,52}))
0: ({15,52})
2: (B{0,42})
2: ({0,42})
1: (B{0,0}(R{5,42}))
1: ({5,42})
0: ((B{0,0})B{5,5}((R{9,42})B{47,47}(R{51,55})))
0: ({9,42}{51,55})
2: (B{0,44})
2: ({0,44})
1: ((R{0,0})B{8,44}(R{52,55}))
1: ({8,44}{52,55})
0: ((B{0,0})B{8,8}(B{13,44}(R{52,55})))
0: ({13,44}{52,55})
2: (B{0,47})
2: ({0,47})
1: (B{0,0}(R{6,47}))
1: ({6,47})
0: ((B{0,0})B{6,6}(B{15,47}(R{53,53})))
0: ({15,47})
2: (B{0,54})
2: ({0,54})
1: (B{0,0}(R{7,54}))
1: ({7,54})
0: ((R{0,0})B{7,7}(R{14,54}))
0: ({14,54})
2: (B{0,41})
2: ({0,41})
1: (B{0,0}(R{9,41}))
1: ({9,41})
0: ((B{0,0})B{9,9}((R{16,41})B{50,50}(R{57,59})))
0: ({16,41}{57,59})
2: (B{0,48})
2: ({0,48})
1: (B{0,0}(R{7,48}))
1: ({7,48})
0: ((R{0,0})B{7,7}(R{12,48}))
0: ({12,48})
2: (B{0,44})
2: ({0,44})
1: ((R{0,0})B{7,44}(R{51,53}))
1: ({7,44}{51,53})
0: ((B{0,0})B{7,7}((R{11,44})B{51,53}(R{57,58})))
0: ({11,44}{51,53}{57,58})
2: (B{0,41})
2: ({0,41})
1: ((R{0,0})B{5,41}(R{46,49}))
1: ({5,41}{46,49})
0: ((B{0,0})B{5,5}(B{11,41}(R{46,49})))
0: ({11,41}{46,49})
2: (B{0,46})
2: ({0,46})
1: (B{0,0}(R{7,46}))
1: ({7,46})
0: ((B{0,0})B{7,7}(B{13,46}(R{53,53})))
0: ({13,46})
2: (B{0,46})
2: ({0,46})
1: (B{0,0}(R{6,46}))
1: ({6,46})
0: ((B{0,0})B{6,6}(B{10,46}(R{52,52})))
0: ({10,46})
2: (B{0,40})
2: ({0,40})
1: ((R{0,0})B{4,40}(R{44,56}))
1: ({4,40}{44,56})
0: ((B{0,0})B{4,4}((R{13,40})B{44,56}))
0: ({13,40}{44,56})
2: (B{0,54})
2: ({0,54})
1: (B{0,0}(R{7,54}))
1: ({7,54})
0: ((R{0,0})B{7,7}(R{12,54}))
0: ({12,54})
2: (B{0,46})
2: ({0,46})
1: (B{0,0}(R{8,46}))
1: ({8,46})
0: ((B{0,0})B{8,8}(B{15,46}(R{54,54})))
0: ({15,46})
2: (B{0,45})
2: ({0,45})
1: (B{0,0}(R{9,45}))
1: ({9,45})
0: ((B{0,0})B{9,9}(B{13,45}(R{54,54})))
0: ({13,45})
2: (B{0,49})
2: ({0,49})
1: (B{0,0}(R{7,49}))
1: ({7,49})
0: ((B{0,0})B{7,7}(B{16,49}(R{56,56})))
0: ({16,49})
2: (B{0,55})
2: ({0,55})
1: (B{0,0}(R{9,55}))
1: ({9,55})
0: ((R{0,0})B{9,9}(R{16,55}))
0: ({16,55})
2: (B{0,52})
2: ({0,52})
1: (B{0,0}(R{5,52}))
1: ({5,52})
0: ((B{0,0})B{5,5}(B{14,52}(R{57,57})))
0: ({14,52})
2: (B{0,40})
2: ({0,40})
1: (B{0,0}(R{8,40}))
1: ({8,40})
0: ((R{0,0})B{8,8}(R{12,40}))
0: ({12,40})
2: (B{0,51})
2: ({0,51})
1: (B{0,0}(R{6,51}))
1: ({6,51})
0: ((R{0,0})B{6,6}(R{10,51}))
0: ({10,51})
2: (B{0,41})
2: ({0,41})
1: ((R{0,0})B{9,41}(R{50,57}))
1: ({9,41}{50,57})
0: ((B{0,0})B{9,9}((R{17,41})B{50,57}))
0: ({17,41}{50,57})
2: (B{0,40})
2: ({0,40})
1: ((R{0,0})B{7,40}(R{47,48}))
1: ({7,40}{47,48})
0: ((B{0,0})B{7,7}((R{11,40})B{47,48}(R{52,54})))
0: ({11,40}{47,48}{52,54})
2: (B{0,40})
2: ({0,40})
1: (B{0,0}(R{5,40}))
1: ({5,40})
0: ((B{0,0})B{5,5}(B{13,40}(R{45,45})))
0: ({13,40})
2: (B{0,54})
2: ({0,54})
1: (B{0,0}(R{8,54}))
1: ({8,54})
0: ((R{0,0})B{8,8}(R{16,54}))
0: ({16,54})
2: (B{0,47})
2: ({0,47})
1: (B{0,0}(R{4,47}))
1: ({4,47})
0: ((B{0,0})B{4,4}(B{8,47}(R{51,51})))
0: ({8,47})
2: (B{0,43})
2: ({0,43})
1: (B{0,0}(R{8,43}))
1: ({8,43})
0: ((B{0,0})B{8,8}(B{12,43}(R{51,51})))
0: ({12,43})
2: (B{0,41})
2: ({0,41})
1: ((R{0,0})B{4,41}(R{45,46}))
1: ({4,41}{45,46})
0: ((B{0,0})B{4,4}(B{10,41}(R{45,46})))
0: ({10,41}{45,46})
2: (B{0,50})
2: ({0,50})
1: (B{0,0}(R{8,50}))
1: ({8,50})
0: ((R{0,0})B{8,8}(R{16,50}))
0: ({16,50})
2: (B{0,42})
2: ({0,42})
1: (B{0,0}(R{8,42}))
1: ({8,42})
0: ((B{0,0})B{8,8}(B{14,42}(R{50,50})))
0: ({14,42})
2: (B{0,44})
2: ({0,44})
1: (B{0,0}(R{7,44}))
1: ({7,44})
0: ((R{0,0})B{7,7}(R{15,44}))
0: ({15,44})
2: (B{0,43})
2: ({0,43})
1: (B{0,0}(R{5,43}))
1: ({5,43})
0: ((B{0,0})B{5,5}(B{13,43}(R{48,48})))
0: ({13,43})
2: (B{0,47})
2: ({0,47})
1: ((R{0,0})B{5,47}(R{52,58}))
1: ({5,47}{52,58})
0: ((B{0,0})B{5,5}(B{11,47}(R{52,58})))
0: ({11,47}{52,58})
2: (B{0,47})
2: ({0,47})
1: (B{0,0}(R{5,47}))
1: ({5,47})
0: ((B{0,0})B{5,5}(B{12,47}(R{52,52})))
0: ({12,47})
2: (B{0,48})
2: ({0,48})
1: (B{0,0}(R{8,48}))
1: ({8,48})
0: ((B{0,0})B{8,8}(B{17,48}(R{56,56})))
0: ({17,48})
2: (B{0,54})
2: ({0,54})
1: (B{0,0}(R{8,54}))
1: ({8,54})
0: ((R{0,0})B{8,8}(R{15,54}))
0: ({15,54})
2: (B{0,44})
2: ({0,44})
1: (B{0,0}(R{9,44}))
1: ({9,44})
0: ((B{0,0})B{9,9}(B{18,44}(R{53,53})))
0: ({18,44})
2: (B{0,45})
2: ({0,45})
1: (B{0,0}(R{5,45}))
1: ({5,45})
0: ((R{0,0})B{5,5}(R{13,45}))
0: ({13,45})
2: (B{0,45})
2: ({0,45})
1: ((R{0,0})B{4,45}(R{49,50}))
1: ({4,45}{49,50})
0: ((B{0,0})B{4,4}((R{10,45})B{49,50}(R{56,57})))
0: ({10,45}{49,50}{56,57})
2: (B{0,44})
2: ({0,44})
1: ((R{0,0})B{7,44}(R{51,52}))
1: ({7,44}{51,52})
0: ((B{0,0})B{7,7}(B{15,44}(R{51,52})))
0: ({15,44}{51,52})
2: (B{0,49})
2: ({0,49})
1: (B{0,0}(R{9,49}))
1: ({9,49})
0: ((R{0,0})B{9,9}(R{14,49}))
0: ({14,49})
2: (B{0,40})
2: ({0,40})
1: (B{0,0}(R{6,40}))
1: ({6,40})
0: ((R{0,0})B{6,6}(R{11,40}))
0: ({11,40})
2: (B{0,41})
2: ({0,41})
1: ((R{0,0})B{4,41}(R{45,52}))
1: ({4,41}{45,52})
0: ((B{0,0})B{4,4}(B{12,41}(R{45,52})))
0: ({12,41}{45,52})
2: (B{0,43})
2: ({0,43})
1: (B{0,0}(R{9,43}))
1: ({9,43})
0: ((B{0,0})B{9,9}(B{18,43}(R{52,52})))
0: ({18,43})
2: (B{0,44})
2: ({0,44})
1: (B{0,0}(R{5,44}))
1: ({5,44})
0: ((B{0,0})B{5,5}((R{13,44})B{49,49}(R{57,58})))
0: ({13,44}{57,58})
2: (B{0,42})
2: ({0,42})
1: ((R{0,0})B{4,42}(R{46,49}))
1: ({4,42}{46,49})
0: ((B{0,0})B{4,4}(B{12,42}(R{46,49})))
0: ({12,42}{46,49})
2: (B{0,42})
2: ({0,42})
1: (B{0,0}(R{8,42}))
1: ({8,42})
0: ((R{0,0})B{8,8}(R{13,42}))
0: ({13,42})
2: (B{0,49})
2: ({0,49})
1: ((R{0,0})B{6,49}(R{55,58}))
1: ({6,49}{55,58})
0: ((B{0,0})B{6,6}((R{15,49})B{55,58}))
0: ({15,49}{55,58})
